2024-12-11 17:41:41.127 [warning] Settings pattern "issueReporter.*" doesn't match any settings
2024-12-11 17:41:41.285 [info] Started local extension host with pid 1155451.
2024-12-11 17:41:41.530 [info] Placing extension(s) asvetliakov.vscode-neovim on a separate extension host.
2024-12-11 17:41:41.592 [error] TreeError [SettingsTree] Tree element not found: [object Object]: Error: TreeError [SettingsTree] Tree element not found: [object Object]
    at ucs.getElementLocation (vscode-file://vscode-app/usr/share/codium/resources/app/out/vs/workbench/workbench.desktop.main.js:416:10495)
    at ucs.rerender (vscode-file://vscode-app/usr/share/codium/resources/app/out/vs/workbench/workbench.desktop.main.js:416:8594)
    at d9e.rerender (vscode-file://vscode-app/usr/share/codium/resources/app/out/vs/workbench/workbench.desktop.main.js:416:18374)
    at gb.refreshSingleElement (vscode-file://vscode-app/usr/share/codium/resources/app/out/vs/workbench/workbench.desktop.main.js:1334:67114)
    at gb.renderTree (vscode-file://vscode-app/usr/share/codium/resources/app/out/vs/workbench/workbench.desktop.main.js:1334:66898)
    at vscode-file://vscode-app/usr/share/codium/resources/app/out/vs/workbench/workbench.desktop.main.js:1334:65971
    at Set.forEach (<anonymous>)
    at gb.updateElementsByKey (vscode-file://vscode-app/usr/share/codium/resources/app/out/vs/workbench/workbench.desktop.main.js:1334:65955)
    at vZ.value (vscode-file://vscode-app/usr/share/codium/resources/app/out/vs/workbench/workbench.desktop.main.js:1334:43704)
    at E._deliver (vscode-file://vscode-app/usr/share/codium/resources/app/out/vs/workbench/workbench.desktop.main.js:30:923)
2024-12-11 17:41:41.705 [info] Started local extension host with pid 1155468.
2024-12-11 17:41:42.680 [warning] Settings pattern "issueReporter.*" doesn't match any settings
2024-12-11 17:41:44.263 [warning] Settings pattern "issueReporter.*" doesn't match any settings
2024-12-11 17:41:46.084 [info] [perf] Render performance baseline is 28ms
2024-12-11 17:42:51.579 [error] ENOENT: no such file or directory, open '/home/sysadmin/.config/VSCodium/User/globalStorage/vscodevim.vim/.registers': Error: ENOENT: no such file or directory, open '/home/sysadmin/.config/VSCodium/User/globalStorage/vscodevim.vim/.registers'
2024-12-12 10:59:13.573 [error] EACCES: permission denied, open '/usr/share/codium/resources/app/out/main.js': Error: EACCES: permission denied, open '/usr/share/codium/resources/app/out/main.js'
