2024-12-11 17:41:41.231 [info] Added views:outline in workbench.view.explorer
2024-12-11 17:41:41.231 [info] Added views:workbench.view.search in workbench.view.search
2024-12-11 17:41:41.231 [info] Added views:workbench.scm in workbench.view.scm
2024-12-11 17:41:41.231 [info] Added views:workbench.panel.markers.view in workbench.panel.markers
2024-12-11 17:41:41.231 [info] Added views:workbench.panel.output in workbench.panel.output
2024-12-11 17:41:41.231 [info] Added views:terminal in terminal
2024-12-11 17:41:41.231 [info] Added views:timeline in workbench.view.explorer
2024-12-11 17:41:41.231 [info] Added views:workbench.explorer.fileView in workbench.view.explorer
2024-12-11 17:41:41.758 [info] Added views:workbench.debug.welcome in workbench.view.debug
2024-12-11 17:41:41.788 [info] Added views:workbench.panel.repl.view in workbench.panel.repl
2024-12-11 17:41:42.323 [info] Added views:workbench.scm.history in workbench.view.scm
2024-12-11 17:41:44.553 [info] Added views:~remote.forwardedPorts in ~remote.forwardedPortsContainer
2024-12-11 17:42:07.911 [info] Added views:workbench.views.extensions.installed,workbench.views.extensions.popular,extensions.recommendedList in workbench.view.extensions
2024-12-11 17:42:07.914 [info] Removed views:workbench.views.extensions.popular from workbench.view.extensions
2024-12-11 17:42:19.676 [info] Removed views:extensions.recommendedList,workbench.views.extensions.installed from workbench.view.extensions
2024-12-11 17:42:19.682 [info] Added views:workbench.views.extensions.marketplace in workbench.view.extensions
2024-12-12 08:08:00.646 [info] Showing view workbench.explorer.openEditorsView in the container workbench.view.explorer
2024-12-12 08:08:00.656 [info] Added views:workbench.explorer.openEditorsView in workbench.view.explorer
2024-12-12 08:08:15.466 [info] Removed views:workbench.explorer.openEditorsView from workbench.view.explorer
2024-12-12 10:59:18.785 [info] Removed views:workbench.scm.history from workbench.view.scm
