2024-12-11 17:42:11.399 [info] Uninstalling extension from the profile: asvetliakov.vscode-neovim@1.18.14 vscode-userdata:/home/sysadmin/.vscode-oss/extensions/extensions.json
2024-12-11 17:42:11.429 [info] Marked extension as uninstalled asvetliakov.vscode-neovim-1.18.14-universal
2024-12-11 17:42:11.490 [error] [uncaught exception in sharedProcess]: Error: ENOENT: no such file or directory, stat '/home/sysadmin/.vscode-oss/extensions/extensions.json.vsctmp': EntryNotFound (FileSystemError): Error: ENOENT: no such file or directory, stat '/home/sysadmin/.vscode-oss/extensions/extensions.json.vsctmp'
    at um.create (file:///usr/share/codium/resources/app/out/vs/code/electron-utility/sharedProcess/sharedProcessMain.js:35:44274)
    at Ei (file:///usr/share/codium/resources/app/out/vs/code/electron-utility/sharedProcess/sharedProcessMain.js:35:44381)
    at Fn.toFileSystemProviderError (file:///usr/share/codium/resources/app/out/vs/code/electron-utility/sharedProcess/sharedProcessMain.js:71:28542)
    at Fn.stat (file:///usr/share/codium/resources/app/out/vs/code/electron-utility/sharedProcess/sharedProcessMain.js:71:20509)
    at async Zl.stat (file:///usr/share/codium/resources/app/out/vs/code/electron-utility/sharedProcess/sharedProcessMain.js:70:101684)
    at async Gl.onDidFilesChange (file:///usr/share/codium/resources/app/out/vs/code/electron-utility/sharedProcess/sharedProcessMain.js:70:79904)
2024-12-11 17:42:12.103 [info] Successfully uninstalled extension from the profile asvetliakov.vscode-neovim@1.18.14 vscode-userdata:/home/sysadmin/.vscode-oss/extensions/extensions.json
2024-12-11 17:42:48.747 [info] Getting Manifest... vscodevim.vim
2024-12-11 17:42:49.359 [info] Installing extension: vscodevim.vim {"isMachineScoped":false,"installPreReleaseVersion":false,"pinned":false,"profileLocation":{"$mid":1,"external":"vscode-userdata:/home/sysadmin/.vscode-oss/extensions/extensions.json","path":"/home/sysadmin/.vscode-oss/extensions/extensions.json","scheme":"vscode-userdata"},"installOnlyNewlyAddedFromExtensionPack":true,"isApplicationScoped":false,"productVersion":{"version":"1.95.3","date":"2024-11-16T01:21:03.577Z"}}
2024-12-11 17:42:50.189 [info] Extracted extension to file:///home/sysadmin/.vscode-oss/extensions/vscodevim.vim-1.29.0-universal: vscodevim.vim
2024-12-11 17:42:50.199 [info] Renamed to /home/sysadmin/.vscode-oss/extensions/vscodevim.vim-1.29.0-universal
2024-12-11 17:42:50.217 [info] Extension installed successfully: vscodevim.vim vscode-userdata:/home/sysadmin/.vscode-oss/extensions/extensions.json
2024-12-11 17:42:50.283 [error] [uncaught exception in sharedProcess]: Error: ENOENT: no such file or directory, stat '/home/sysadmin/.vscode-oss/extensions/extensions.json.vsctmp': EntryNotFound (FileSystemError): Error: ENOENT: no such file or directory, stat '/home/sysadmin/.vscode-oss/extensions/extensions.json.vsctmp'
    at um.create (file:///usr/share/codium/resources/app/out/vs/code/electron-utility/sharedProcess/sharedProcessMain.js:35:44274)
    at Ei (file:///usr/share/codium/resources/app/out/vs/code/electron-utility/sharedProcess/sharedProcessMain.js:35:44381)
    at Fn.toFileSystemProviderError (file:///usr/share/codium/resources/app/out/vs/code/electron-utility/sharedProcess/sharedProcessMain.js:71:28542)
    at Fn.stat (file:///usr/share/codium/resources/app/out/vs/code/electron-utility/sharedProcess/sharedProcessMain.js:71:20509)
    at async Zl.stat (file:///usr/share/codium/resources/app/out/vs/code/electron-utility/sharedProcess/sharedProcessMain.js:70:101684)
    at async Gl.onDidFilesChange (file:///usr/share/codium/resources/app/out/vs/code/electron-utility/sharedProcess/sharedProcessMain.js:70:79904)
2024-12-12 10:58:56.249 [info] Getting Manifest... illixion.vscode-vibrancy-continued
2024-12-12 10:58:56.852 [info] Installing extension: illixion.vscode-vibrancy-continued {"isMachineScoped":false,"installPreReleaseVersion":false,"pinned":false,"profileLocation":{"$mid":1,"external":"vscode-userdata:/home/sysadmin/.vscode-oss/extensions/extensions.json","path":"/home/sysadmin/.vscode-oss/extensions/extensions.json","scheme":"vscode-userdata"},"installOnlyNewlyAddedFromExtensionPack":true,"isApplicationScoped":false,"productVersion":{"version":"1.95.3","date":"2024-11-16T01:21:03.577Z"}}
2024-12-12 10:59:06.079 [info] Extracted extension to file:///home/sysadmin/.vscode-oss/extensions/illixion.vscode-vibrancy-continued-1.1.41-universal: illixion.vscode-vibrancy-continued
2024-12-12 10:59:06.091 [info] Renamed to /home/sysadmin/.vscode-oss/extensions/illixion.vscode-vibrancy-continued-1.1.41-universal
2024-12-12 10:59:06.111 [info] Extension installed successfully: illixion.vscode-vibrancy-continued vscode-userdata:/home/sysadmin/.vscode-oss/extensions/extensions.json
2024-12-12 10:59:06.174 [error] [uncaught exception in sharedProcess]: Error: ENOENT: no such file or directory, stat '/home/sysadmin/.vscode-oss/extensions/extensions.json.vsctmp': EntryNotFound (FileSystemError): Error: ENOENT: no such file or directory, stat '/home/sysadmin/.vscode-oss/extensions/extensions.json.vsctmp'
    at um.create (file:///usr/share/codium/resources/app/out/vs/code/electron-utility/sharedProcess/sharedProcessMain.js:35:44274)
    at Ei (file:///usr/share/codium/resources/app/out/vs/code/electron-utility/sharedProcess/sharedProcessMain.js:35:44381)
    at Fn.toFileSystemProviderError (file:///usr/share/codium/resources/app/out/vs/code/electron-utility/sharedProcess/sharedProcessMain.js:71:28542)
    at Fn.stat (file:///usr/share/codium/resources/app/out/vs/code/electron-utility/sharedProcess/sharedProcessMain.js:71:20509)
    at async Zl.stat (file:///usr/share/codium/resources/app/out/vs/code/electron-utility/sharedProcess/sharedProcessMain.js:70:101684)
    at async Gl.onDidFilesChange (file:///usr/share/codium/resources/app/out/vs/code/electron-utility/sharedProcess/sharedProcessMain.js:70:79904)
