2024-12-30 13:40:23.621 [info] Added views:outline in workbench.view.explorer
2024-12-30 13:40:23.621 [info] Added views:workbench.view.search in workbench.view.search
2024-12-30 13:40:23.621 [info] Added views:workbench.scm in workbench.view.scm
2024-12-30 13:40:23.621 [info] Added views:workbench.panel.markers.view in workbench.panel.markers
2024-12-30 13:40:23.621 [info] Added views:workbench.panel.output in workbench.panel.output
2024-12-30 13:40:23.621 [info] Added views:terminal in terminal
2024-12-30 13:40:23.621 [info] Added views:timeline in workbench.view.explorer
2024-12-30 13:40:23.621 [info] Added views:workbench.explorer.emptyView in workbench.view.explorer
2024-12-30 13:40:23.964 [info] Added views:workbench.debug.welcome in workbench.view.debug
2024-12-30 13:40:24.014 [info] Added views:~remote.forwardedPorts in ~remote.forwardedPortsContainer
2024-12-30 13:40:24.157 [info] Added views:workbench.panel.repl.view in workbench.panel.repl
2024-12-30 13:40:45.656 [info] Added views:outline in workbench.view.explorer
2024-12-30 13:40:45.656 [info] Added views:workbench.view.search in workbench.view.search
2024-12-30 13:40:45.656 [info] Added views:workbench.scm in workbench.view.scm
2024-12-30 13:40:45.656 [info] Added views:workbench.panel.markers.view in workbench.panel.markers
2024-12-30 13:40:45.656 [info] Added views:workbench.panel.output in workbench.panel.output
2024-12-30 13:40:45.656 [info] Added views:terminal in terminal
2024-12-30 13:40:45.656 [info] Added views:timeline in workbench.view.explorer
2024-12-30 13:40:45.656 [info] Added views:workbench.explorer.fileView in workbench.view.explorer
2024-12-30 13:40:45.797 [info] Added views:workbench.debug.welcome in workbench.view.debug
2024-12-30 13:40:46.276 [info] Added views:workbench.panel.repl.view in workbench.panel.repl
2024-12-30 13:40:46.556 [info] Added views:~remote.forwardedPorts in ~remote.forwardedPortsContainer
2024-12-30 13:40:47.095 [info] Added views:workbench.scm.history in workbench.view.scm
2024-12-30 13:41:48.548 [info] Removed views:workbench.scm.history from workbench.view.scm
