2024-12-12 10:59:25.353 [info] [main] Log level: Info
2024-12-12 10:59:25.353 [info] [main] Validating found git in: "git"
2024-12-12 10:59:25.353 [info] [main] Using git "2.45.2" from "git"
2024-12-12 10:59:25.353 [info] [Model][doInitialScan] Initial repository scan started
2024-12-12 10:59:25.353 [info] > git rev-parse --show-toplevel [83ms]
2024-12-12 10:59:25.353 [info] fatal: not a git repository (or any parent up to mount point /)
Stopping at filesystem boundary (GIT_DISCOVERY_ACROSS_FILESYSTEM not set).
2024-12-12 10:59:25.353 [info] > git rev-parse --show-toplevel [88ms]
2024-12-12 10:59:25.384 [info] > git rev-parse --git-dir --git-common-dir [26ms]
2024-12-12 10:59:25.393 [info] [Model][openRepository] Opened repository: /home/sysadmin/work/AnsibleMCZR
2024-12-12 10:59:25.406 [info] > git config --get commit.template [5ms]
2024-12-12 10:59:25.407 [info] > git rev-parse --show-toplevel [2ms]
2024-12-12 10:59:25.407 [info] fatal: not a git repository (or any parent up to mount point /)
Stopping at filesystem boundary (GIT_DISCOVERY_ACROSS_FILESYSTEM not set).
2024-12-12 10:59:25.418 [info] > git for-each-ref --format=%(refname)%00%(upstream:short)%00%(objectname)%00%(upstream:track)%00%(upstream:remotename)%00%(upstream:remoteref) refs/heads/main refs/remotes/main [6ms]
2024-12-12 10:59:25.418 [info] > git rev-parse --show-toplevel [1ms]
2024-12-12 10:59:25.418 [info] fatal: not a git repository (or any parent up to mount point /)
Stopping at filesystem boundary (GIT_DISCOVERY_ACROSS_FILESYSTEM not set).
2024-12-12 10:59:25.438 [info] > git for-each-ref --sort -committerdate --format %(refname) %(objectname) %(*objectname) [6ms]
2024-12-12 10:59:25.439 [info] > git rev-parse --show-toplevel [2ms]
2024-12-12 10:59:25.450 [info] > git rev-parse --git-dir --git-common-dir [0ms]
2024-12-12 10:59:25.801 [info] [Model][openRepository] Opened repository: /home/sysadmin/work/Auto-Deployment
2024-12-12 10:59:25.826 [info] > git rev-parse --show-toplevel [3ms]
2024-12-12 10:59:25.826 [info] fatal: not a git repository (or any parent up to mount point /)
Stopping at filesystem boundary (GIT_DISCOVERY_ACROSS_FILESYSTEM not set).
2024-12-12 10:59:25.826 [info] > git config --get commit.template [8ms]
2024-12-12 10:59:25.848 [info] > git for-each-ref --format=%(refname)%00%(upstream:short)%00%(objectname)%00%(upstream:track)%00%(upstream:remotename)%00%(upstream:remoteref) refs/heads/main refs/remotes/main [10ms]
2024-12-12 10:59:25.848 [info] > git rev-parse --show-toplevel [15ms]
2024-12-12 10:59:25.867 [info] > git status -z -uall [7ms]
2024-12-12 10:59:25.867 [info] > git rev-parse --git-dir --git-common-dir [14ms]
2024-12-12 10:59:25.870 [info] [Model][openRepository] Opened repository: /home/sysadmin/work/bookworm-scripts
2024-12-12 10:59:25.884 [info] > git for-each-ref --sort -committerdate --format %(refname) %(objectname) %(*objectname) [18ms]
2024-12-12 10:59:25.903 [info] > git for-each-ref --format=%(refname)%00%(upstream:short)%00%(objectname)%00%(upstream:track)%00%(upstream:remotename)%00%(upstream:remoteref) refs/heads/main refs/remotes/main [10ms]
2024-12-12 10:59:25.910 [info] > git rev-parse --show-toplevel [27ms]
2024-12-12 10:59:25.910 [info] > git config --get commit.template [33ms]
2024-12-12 10:59:25.918 [info] > git config --local branch.main.vscode-merge-base [9ms]
2024-12-12 10:59:25.923 [info] > git config --get commit.template [21ms]
2024-12-12 10:59:25.930 [info] > git rev-parse --git-dir --git-common-dir [13ms]
2024-12-12 10:59:25.933 [info] [Model][openRepository] Opened repository: /home/sysadmin/work/dotconfigs
2024-12-12 10:59:25.951 [info] > git for-each-ref --format=%(refname)%00%(upstream:short)%00%(objectname)%00%(upstream:track)%00%(upstream:remotename)%00%(upstream:remoteref) refs/heads/main refs/remotes/main [21ms]
2024-12-12 10:59:25.951 [info] > git for-each-ref --format=%(refname)%00%(upstream:short)%00%(objectname)%00%(upstream:track)%00%(upstream:remotename)%00%(upstream:remoteref) refs/heads/origin/main refs/remotes/origin/main [28ms]
2024-12-12 10:59:25.971 [warning] [Git][revParse] Unable to read file: ENOENT: no such file or directory, open '/home/sysadmin/work/bookworm-scripts/.git/refs/remotes/origin/main'
2024-12-12 10:59:25.972 [info] > git merge-base refs/heads/main refs/remotes/origin/main [16ms]
2024-12-12 10:59:25.979 [info] > git rev-parse --show-toplevel [28ms]
2024-12-12 10:59:25.979 [info] > git config --get commit.template [34ms]
2024-12-12 10:59:25.979 [info] > git for-each-ref --format=%(refname)%00%(upstream:short)%00%(objectname)%00%(upstream:track)%00%(upstream:remotename)%00%(upstream:remoteref) refs/heads/main refs/remotes/main [41ms]
2024-12-12 10:59:25.986 [info] > git diff --name-status -z --diff-filter=ADMR 4571530cad10b53a5a8da6ea9f217da064f7283c...refs/remotes/origin/main [8ms]
2024-12-12 10:59:25.986 [info] > git rev-parse refs/remotes/origin/main [15ms]
2024-12-12 10:59:26.004 [info] > git status -z -uall [12ms]
2024-12-12 10:59:26.005 [info] > git rev-parse --git-dir --git-common-dir [20ms]
2024-12-12 10:59:26.008 [info] [Model][openRepository] Opened repository: /home/sysadmin/work/hugoNektarine
2024-12-12 10:59:26.020 [info] > git for-each-ref --format=%(refname)%00%(upstream:short)%00%(objectname)%00%(upstream:track)%00%(upstream:remotename)%00%(upstream:remoteref) refs/heads/main refs/remotes/main [16ms]
2024-12-12 10:59:26.020 [info] > git for-each-ref --sort -committerdate --format %(refname) %(objectname) %(*objectname) [21ms]
2024-12-12 10:59:26.051 [info] > git status -z -uall [12ms]
2024-12-12 10:59:26.051 [info] > git for-each-ref --format=%(refname)%00%(upstream:short)%00%(objectname)%00%(upstream:track)%00%(upstream:remotename)%00%(upstream:remoteref) refs/heads/main refs/remotes/main [20ms]
2024-12-12 10:59:26.056 [info] > git rev-parse --show-toplevel [37ms]
2024-12-12 10:59:26.057 [info] > git config --get commit.template [42ms]
2024-12-12 10:59:26.065 [info] > git config --local branch.main.vscode-merge-base [9ms]
2024-12-12 10:59:26.071 [info] > git config --get commit.template [21ms]
2024-12-12 10:59:26.071 [info] > git for-each-ref --sort -committerdate --format %(refname) %(objectname) %(*objectname) [26ms]
2024-12-12 10:59:26.081 [info] > git for-each-ref --format=%(refname)%00%(upstream:short)%00%(objectname)%00%(upstream:track)%00%(upstream:remotename)%00%(upstream:remoteref) refs/heads/origin/main refs/remotes/origin/main [11ms]
2024-12-12 10:59:26.086 [info] > git rev-parse --git-dir --git-common-dir [21ms]
2024-12-12 10:59:26.088 [info] [Model][openRepository] Opened repository: /home/sysadmin/work/lambda-v1
2024-12-12 10:59:26.150 [info] > git status -z -uall [21ms]
2024-12-12 10:59:26.151 [info] > git merge-base refs/heads/main refs/remotes/origin/main [65ms]
2024-12-12 10:59:26.156 [info] > git for-each-ref --format=%(refname)%00%(upstream:short)%00%(objectname)%00%(upstream:track)%00%(upstream:remotename)%00%(upstream:remoteref) refs/heads/main refs/remotes/main [76ms]
2024-12-12 10:59:26.165 [info] > git diff --name-status -z --diff-filter=ADMR 6ddde2347ea37433986779bb63912280b350bd7e...refs/remotes/origin/main [10ms]
2024-12-12 10:59:26.166 [info] > git rev-parse --show-toplevel [16ms]
2024-12-12 10:59:26.166 [info] > git config --get commit.template [22ms]
2024-12-12 10:59:26.166 [info] > git for-each-ref --format=%(refname)%00%(upstream:short)%00%(objectname)%00%(upstream:track)%00%(upstream:remotename)%00%(upstream:remoteref) refs/heads/main refs/remotes/main [28ms]
2024-12-12 10:59:26.166 [info] > git for-each-ref --sort -committerdate --format %(refname) %(objectname) %(*objectname) [32ms]
2024-12-12 10:59:26.188 [warning] [Git][revParse] Unable to read file: ENOENT: no such file or directory, open '/home/sysadmin/work/bookworm-scripts/.git/refs/remotes/origin/main'
2024-12-12 10:59:26.194 [info] > git for-each-ref --format=%(refname)%00%(upstream:short)%00%(objectname)%00%(upstream:track)%00%(upstream:remotename)%00%(upstream:remoteref) refs/heads/main refs/remotes/main [19ms]
2024-12-12 10:59:26.206 [info] > git config --local branch.main.vscode-merge-base [6ms]
2024-12-12 10:59:26.206 [warning] [Git][config] git config failed: Failed to execute git
2024-12-12 10:59:26.213 [info] > git config --get commit.template [19ms]
2024-12-12 10:59:26.213 [info] > git rev-parse refs/remotes/origin/main [25ms]
2024-12-12 10:59:26.222 [info] > git rev-parse --git-dir --git-common-dir [39ms]
2024-12-12 10:59:26.226 [info] [Model][openRepository] Opened repository: /home/sysadmin/work/ly
2024-12-12 10:59:26.250 [info] > git status -z -uall [32ms]
2024-12-12 10:59:26.250 [info] > git for-each-ref --sort -committerdate --format %(refname) %(objectname) %(*objectname) [28ms]
2024-12-12 10:59:26.253 [info] > git reflog main --grep-reflog=branch: Created from *. [40ms]
2024-12-12 10:59:26.259 [info] > git for-each-ref --format=%(refname)%00%(upstream:short)%00%(objectname)%00%(upstream:track)%00%(upstream:remotename)%00%(upstream:remoteref) refs/heads/main refs/remotes/main [54ms]
2024-12-12 10:59:26.267 [info] > git symbolic-ref --short refs/remotes/origin/HEAD [8ms]
2024-12-12 10:59:26.267 [info] fatal: ref refs/remotes/origin/HEAD is not a symbolic ref
2024-12-12 10:59:26.267 [warning] [Repository][getDefaultBranch] Failed to get default branch details: Failed to execute git.
2024-12-12 10:59:26.272 [info] > git rev-parse --show-toplevel [22ms]
2024-12-12 10:59:26.272 [info] fatal: not a git repository (or any parent up to mount point /)
Stopping at filesystem boundary (GIT_DISCOVERY_ACROSS_FILESYSTEM not set).
2024-12-12 10:59:26.272 [info] > git config --get commit.template [28ms]
2024-12-12 10:59:26.272 [info] > git for-each-ref --sort -committerdate --format %(refname) %(objectname) %(*objectname) [34ms]
2024-12-12 10:59:26.282 [info] > git merge-base refs/heads/main refs/remotes/origin/main [11ms]
2024-12-12 10:59:26.287 [info] > git for-each-ref --format=%(refname)%00%(upstream:short)%00%(objectname)%00%(upstream:track)%00%(upstream:remotename)%00%(upstream:remoteref) refs/heads/main refs/remotes/main [22ms]
2024-12-12 10:59:26.293 [info] > git rev-parse --show-toplevel [12ms]
2024-12-12 10:59:26.311 [info] > git diff --name-status -z --diff-filter=ADMR 612b0384201fb5ebbca1a5c0691a645dad16fb24...refs/remotes/origin/main [24ms]
2024-12-12 10:59:26.319 [info] > git status -z -uall [20ms]
2024-12-12 10:59:26.319 [info] > git check-ignore -v -z --stdin [2ms]
2024-12-12 10:59:26.320 [info] > git rev-parse --git-dir --git-common-dir [10ms]
2024-12-12 10:59:26.322 [info] [Model][openRepository] Opened repository: /home/sysadmin/work/mycustomizer
2024-12-12 10:59:26.323 [info] > git for-each-ref --sort -committerdate --format %(refname) %(objectname) %(*objectname) [18ms]
2024-12-12 10:59:26.333 [info] > git for-each-ref --format=%(refname)%00%(upstream:short)%00%(objectname)%00%(upstream:track)%00%(upstream:remotename)%00%(upstream:remoteref) refs/heads/master refs/remotes/master [40ms]
2024-12-12 10:59:26.368 [warning] [Git][revParse] Unable to read file: ENOENT: no such file or directory, open '/home/sysadmin/work/ly/.git/refs/remotes/origin/master'
2024-12-12 10:59:26.368 [info] > git status -z -uall [29ms]
2024-12-12 10:59:26.368 [info] > git for-each-ref --format=%(refname)%00%(upstream:short)%00%(objectname)%00%(upstream:track)%00%(upstream:remotename)%00%(upstream:remoteref) refs/heads/main refs/remotes/main [37ms]
2024-12-12 10:59:26.377 [info] > git config --local branch.main.vscode-merge-base [4ms]
2024-12-12 10:59:26.378 [warning] [Git][config] git config failed: Failed to execute git
2024-12-12 10:59:26.383 [info] > git rev-parse refs/remotes/origin/master [15ms]
2024-12-12 10:59:26.394 [info] > git config --get commit.template [31ms]
2024-12-12 10:59:26.394 [info] > git rev-parse --show-toplevel [38ms]
2024-12-12 10:59:26.394 [info] fatal: not a git repository (or any parent up to mount point /)
Stopping at filesystem boundary (GIT_DISCOVERY_ACROSS_FILESYSTEM not set).
2024-12-12 10:59:26.394 [info] > git config --get commit.template [42ms]
2024-12-12 10:59:26.395 [info] > git for-each-ref --sort -committerdate --format %(refname) %(objectname) %(*objectname) [49ms]
2024-12-12 10:59:26.407 [info] > git status -z -uall [174ms]
2024-12-12 10:59:26.407 [info] > git status -z -uall [19ms]
2024-12-12 10:59:26.407 [info] > git for-each-ref --sort -committerdate --format %(refname) %(objectname) %(*objectname) [13ms]
2024-12-12 10:59:26.416 [info] > git reflog main --grep-reflog=branch: Created from *. [33ms]
2024-12-12 10:59:26.438 [info] > git symbolic-ref --short refs/remotes/origin/HEAD [17ms]
2024-12-12 10:59:26.438 [info] fatal: ref refs/remotes/origin/HEAD is not a symbolic ref
2024-12-12 10:59:26.438 [warning] [Repository][getDefaultBranch] Failed to get default branch details: Failed to execute git.
2024-12-12 10:59:26.443 [info] > git for-each-ref --format=%(refname)%00%(upstream:short)%00%(objectname)%00%(upstream:track)%00%(upstream:remotename)%00%(upstream:remoteref) refs/heads/master refs/remotes/master [28ms]
2024-12-12 10:59:26.448 [info] > git rev-parse --show-toplevel [44ms]
2024-12-12 10:59:26.466 [info] > git for-each-ref --format=%(refname)%00%(upstream:short)%00%(objectname)%00%(upstream:track)%00%(upstream:remotename)%00%(upstream:remoteref) refs/heads/main refs/remotes/main [12ms]
2024-12-12 10:59:26.471 [info] > git config --local branch.master.vscode-merge-base [23ms]
2024-12-12 10:59:26.476 [info] > git merge-base refs/heads/main refs/remotes/origin/main [33ms]
2024-12-12 10:59:26.481 [info] > git config --get commit.template [44ms]
2024-12-12 10:59:26.482 [info] > git for-each-ref --format=%(refname)%00%(upstream:short)%00%(objectname)%00%(upstream:track)%00%(upstream:remotename)%00%(upstream:remoteref) refs/heads/main refs/remotes/main [48ms]
2024-12-12 10:59:26.482 [info] > git for-each-ref --format=%(refname)%00%(upstream:short)%00%(objectname)%00%(upstream:track)%00%(upstream:remotename)%00%(upstream:remoteref) refs/heads/qa-add-logging-and-error-catch refs/remotes/qa-add-logging-and-error-catch [55ms]
2024-12-12 10:59:26.484 [info] > git diff --name-status -z --diff-filter=ADMR 7a6a8ff556e3224ac3d7835572fec05eadad1753...refs/remotes/origin/main [3ms]
2024-12-12 10:59:26.484 [info] > git for-each-ref --format=%(refname)%00%(upstream:short)%00%(objectname)%00%(upstream:track)%00%(upstream:remotename)%00%(upstream:remoteref) refs/heads/origin/master refs/remotes/origin/master [8ms]
2024-12-12 10:59:26.490 [info] > git config --local branch.main.vscode-merge-base [19ms]
2024-12-12 10:59:26.490 [warning] [Git][config] git config failed: Failed to execute git
2024-12-12 10:59:26.495 [info] > git config --get commit.template [30ms]
2024-12-12 10:59:26.495 [info] > git rev-parse --git-dir --git-common-dir [34ms]
2024-12-12 10:59:26.498 [info] [Model][openRepository] Opened repository: /home/sysadmin/work/pythonprojects
2024-12-12 10:59:26.516 [info] > git reflog main --grep-reflog=branch: Created from *. [21ms]
2024-12-12 10:59:26.520 [info] > git merge-base refs/heads/master refs/remotes/origin/master [30ms]
2024-12-12 10:59:26.533 [info] > git symbolic-ref --short refs/remotes/origin/HEAD [13ms]
2024-12-12 10:59:26.533 [info] fatal: ref refs/remotes/origin/HEAD is not a symbolic ref
2024-12-12 10:59:26.533 [warning] [Repository][getDefaultBranch] Failed to get default branch details: Failed to execute git.
2024-12-12 10:59:26.539 [info] > git rev-parse --show-toplevel [24ms]
2024-12-12 10:59:26.540 [info] > git config --get commit.template [30ms]
2024-12-12 10:59:26.540 [info] > git for-each-ref --format=%(refname)%00%(upstream:short)%00%(objectname)%00%(upstream:track)%00%(upstream:remotename)%00%(upstream:remoteref) refs/heads/master refs/remotes/master [35ms]
2024-12-12 10:59:26.593 [warning] [Git][revParse] Unable to read file: ENOENT: no such file or directory, open '/home/sysadmin/work/ly/.git/refs/remotes/origin/master'
2024-12-12 10:59:26.594 [info] > git status -z -uall [43ms]
2024-12-12 10:59:26.595 [info] > git merge-base refs/heads/main refs/remotes/origin/main [56ms]
2024-12-12 10:59:26.602 [info] > git for-each-ref --format=%(refname)%00%(upstream:short)%00%(objectname)%00%(upstream:track)%00%(upstream:remotename)%00%(upstream:remoteref) refs/heads/main refs/remotes/main [70ms]
2024-12-12 10:59:26.602 [info] > git diff --name-status -z --diff-filter=ADMR e125d8f1aa1544a6a106047c0acd7a7d2e0ff16c...refs/remotes/origin/master [76ms]
2024-12-12 10:59:26.611 [info] > git diff --name-status -z --diff-filter=ADMR 781fdfba7c9f48e579cfd1c2771db24d277654ca...refs/remotes/origin/main [9ms]
2024-12-12 10:59:26.612 [info] > git rev-parse refs/remotes/origin/master [18ms]
2024-12-12 10:59:26.625 [info] > git rev-parse --git-dir --git-common-dir [39ms]
2024-12-12 10:59:26.630 [info] [Model][openRepository] Opened repository: /home/sysadmin/work/pythonprojects.old
2024-12-12 10:59:26.630 [info] > git for-each-ref --sort -committerdate --format %(refname) %(objectname) %(*objectname) [72ms]
2024-12-12 10:59:26.659 [info] > git status -z -uall [41ms]
2024-12-12 10:59:26.660 [info] > git for-each-ref --sort -committerdate --format %(refname) %(objectname) %(*objectname) [34ms]
2024-12-12 10:59:26.662 [info] > git for-each-ref --format=%(refname)%00%(upstream:short)%00%(objectname)%00%(upstream:track)%00%(upstream:remotename)%00%(upstream:remoteref) refs/heads/main refs/remotes/main [52ms]
2024-12-12 10:59:26.665 [info] > git for-each-ref --sort -committerdate --format %(refname) %(objectname) %(*objectname) [84ms]
2024-12-12 10:59:26.670 [info] > git rev-parse --show-toplevel [11ms]
2024-12-12 10:59:26.670 [info] > git config --get commit.template [18ms]
2024-12-12 10:59:26.718 [info] > git rev-parse --git-dir --git-common-dir [22ms]
2024-12-12 10:59:26.728 [info] [Model][openRepository] Opened repository: /home/sysadmin/work/swarm-stack
2024-12-12 10:59:26.742 [info] > git for-each-ref --sort -committerdate --format %(refname) %(objectname) %(*objectname) [54ms]
2024-12-12 10:59:26.866 [info] > git for-each-ref --format=%(refname)%00%(upstream:short)%00%(objectname)%00%(upstream:track)%00%(upstream:remotename)%00%(upstream:remoteref) refs/heads/StatusPage-From-flask-to-FastAPI refs/remotes/StatusPage-From-flask-to-FastAPI [149ms]
2024-12-12 10:59:26.881 [info] > git status -z -uall [1457ms]
2024-12-12 10:59:26.881 [info] > git rev-parse --show-toplevel [61ms]
2024-12-12 10:59:26.881 [info] fatal: not a git repository (or any parent up to mount point /)
Stopping at filesystem boundary (GIT_DISCOVERY_ACROSS_FILESYSTEM not set).
2024-12-12 10:59:26.881 [info] > git config --get commit.template [74ms]
2024-12-12 10:59:26.881 [info] > git for-each-ref --sort -committerdate --format %(refname) %(objectname) %(*objectname) [91ms]
2024-12-12 10:59:26.951 [info] > git status -z -uall [269ms]
2024-12-12 10:59:26.951 [info] > git status -z -uall [181ms]
2024-12-12 10:59:26.951 [info] > git check-ignore -v -z --stdin [23ms]
2024-12-12 10:59:26.952 [info] > git for-each-ref --format=%(refname)%00%(upstream:short)%00%(objectname)%00%(upstream:track)%00%(upstream:remotename)%00%(upstream:remoteref) refs/heads/main refs/remotes/main [33ms]
2024-12-12 10:59:26.961 [info] > git rev-parse --show-toplevel [66ms]
2024-12-12 10:59:27.007 [info] > git for-each-ref --format=%(refname)%00%(upstream:short)%00%(objectname)%00%(upstream:track)%00%(upstream:remotename)%00%(upstream:remoteref) refs/heads/main refs/remotes/main [38ms]
2024-12-12 10:59:27.015 [info] > git config --local branch.main.vscode-merge-base [55ms]
2024-12-12 10:59:27.021 [info] > git config --get commit.template [80ms]
2024-12-12 10:59:27.021 [info] > git for-each-ref --format=%(refname)%00%(upstream:short)%00%(objectname)%00%(upstream:track)%00%(upstream:remotename)%00%(upstream:remoteref) refs/heads/master refs/remotes/master [86ms]
2024-12-12 10:59:27.039 [info] > git status -z -uall [62ms]
2024-12-12 10:59:27.039 [info] > git for-each-ref --format=%(refname)%00%(upstream:short)%00%(objectname)%00%(upstream:track)%00%(upstream:remotename)%00%(upstream:remoteref) refs/heads/origin/main refs/remotes/origin/main [19ms]
2024-12-12 10:59:27.048 [info] > git config --local branch.main.vscode-merge-base [33ms]
2024-12-12 10:59:27.053 [info] > git config --get commit.template [60ms]
2024-12-12 10:59:27.053 [info] > git rev-parse --git-dir --git-common-dir [65ms]
2024-12-12 10:59:27.057 [info] [Model][openRepository] Opened repository: /home/sysadmin/work/terraform
2024-12-12 10:59:27.058 [info] > git for-each-ref --sort -committerdate --format %(refname) %(objectname) %(*objectname) [74ms]
2024-12-12 10:59:27.110 [info] > git for-each-ref --format=%(refname)%00%(upstream:short)%00%(objectname)%00%(upstream:track)%00%(upstream:remotename)%00%(upstream:remoteref) refs/heads/StatusPage-From-flask-to-FastAPI refs/remotes/StatusPage-From-flask-to-FastAPI [42ms]
2024-12-12 10:59:27.117 [info] > git for-each-ref --format=%(refname)%00%(upstream:short)%00%(objectname)%00%(upstream:track)%00%(upstream:remotename)%00%(upstream:remoteref) refs/heads/origin/main refs/remotes/origin/main [64ms]
2024-12-12 10:59:27.123 [info] > git merge-base refs/heads/main refs/remotes/origin/main [75ms]
2024-12-12 10:59:27.151 [info] > git diff --name-status -z --diff-filter=ADMR bb80f7b5cd36f9f22609216b050e0e3e0210f081...refs/remotes/origin/main [21ms]
2024-12-12 10:59:27.152 [info] > git merge-base refs/heads/main refs/remotes/origin/main [29ms]
2024-12-12 10:59:27.159 [info] > git config --local branch.StatusPage-From-flask-to-FastAPI.vscode-merge-base [42ms]
2024-12-12 10:59:27.165 [info] > git config --get commit.template [67ms]
2024-12-12 10:59:27.165 [info] > git rev-parse --show-toplevel [73ms]
2024-12-12 10:59:27.165 [info] fatal: not a git repository (or any parent up to mount point /)
Stopping at filesystem boundary (GIT_DISCOVERY_ACROSS_FILESYSTEM not set).
2024-12-12 10:59:27.165 [info] > git config --get commit.template [80ms]
2024-12-12 10:59:27.165 [info] > git for-each-ref --format=%(refname)%00%(upstream:short)%00%(objectname)%00%(upstream:track)%00%(upstream:remotename)%00%(upstream:remoteref) refs/heads/main refs/remotes/main [87ms]
2024-12-12 10:59:27.200 [info] > git status -z -uall [19ms]
2024-12-12 10:59:27.200 [info] > git for-each-ref --format=%(refname)%00%(upstream:short)%00%(objectname)%00%(upstream:track)%00%(upstream:remotename)%00%(upstream:remoteref) refs/heads/origin/main refs/remotes/origin/main [35ms]
2024-12-12 10:59:27.206 [info] > git diff --name-status -z --diff-filter=ADMR b5f05b0d411f09608e6f61cd6c2fa85c29bbc5f4...refs/remotes/origin/main [47ms]
2024-12-12 10:59:27.207 [info] > git for-each-ref --format=%(refname)%00%(upstream:short)%00%(objectname)%00%(upstream:track)%00%(upstream:remotename)%00%(upstream:remoteref) refs/heads/main refs/remotes/main [70ms]
2024-12-12 10:59:27.238 [info] > git merge-base refs/heads/StatusPage-From-flask-to-FastAPI refs/remotes/origin/StatusPage-From-flask-to-FastAPI [32ms]
2024-12-12 10:59:27.246 [info] > git rev-parse --show-toplevel [54ms]
2024-12-12 10:59:27.246 [info] fatal: not a git repository (or any parent up to mount point /)
Stopping at filesystem boundary (GIT_DISCOVERY_ACROSS_FILESYSTEM not set).
2024-12-12 10:59:27.247 [info] > git for-each-ref --sort -committerdate --format %(refname) %(objectname) %(*objectname) [61ms]
2024-12-12 10:59:27.268 [info] > git for-each-ref --format=%(refname)%00%(upstream:short)%00%(objectname)%00%(upstream:track)%00%(upstream:remotename)%00%(upstream:remoteref) refs/heads/master refs/remotes/master [15ms]
2024-12-12 10:59:27.273 [info] > git diff --name-status -z --diff-filter=ADMR 985d4f8ec45c4e5c8f14e2bd62a8f6c2549b11e5...refs/remotes/origin/StatusPage-From-flask-to-FastAPI [27ms]
2024-12-12 10:59:27.274 [info] > git for-each-ref --format=%(refname)%00%(upstream:short)%00%(objectname)%00%(upstream:track)%00%(upstream:remotename)%00%(upstream:remoteref) refs/heads/StatusPage-From-flask-to-FastAPI refs/remotes/StatusPage-From-flask-to-FastAPI [56ms]
2024-12-12 10:59:27.275 [info] > git for-each-ref --format=%(refname)%00%(upstream:short)%00%(objectname)%00%(upstream:track)%00%(upstream:remotename)%00%(upstream:remoteref) refs/heads/implementing-waf-for-multi-region refs/remotes/implementing-waf-for-multi-region [60ms]
2024-12-12 10:59:27.296 [info] > git config --local branch.master.vscode-merge-base [23ms]
2024-12-12 10:59:27.303 [info] > git config --get commit.template [36ms]
2024-12-12 10:59:27.303 [info] > git rev-parse --show-toplevel [41ms]
2024-12-12 10:59:27.303 [info] fatal: not a git repository (or any parent up to mount point /)
Stopping at filesystem boundary (GIT_DISCOVERY_ACROSS_FILESYSTEM not set).
2024-12-12 10:59:27.326 [info] > git for-each-ref --format=%(refname)%00%(upstream:short)%00%(objectname)%00%(upstream:track)%00%(upstream:remotename)%00%(upstream:remoteref) refs/heads/origin/master refs/remotes/origin/master [23ms]
2024-12-12 10:59:27.334 [info] > git for-each-ref --sort -committerdate --format %(refname) %(objectname) %(*objectname) [41ms]
2024-12-12 10:59:27.344 [info] > git merge-base refs/heads/master refs/remotes/origin/master [10ms]
2024-12-12 10:59:27.351 [info] > git rev-parse --show-toplevel [26ms]
2024-12-12 10:59:27.351 [info] fatal: not a git repository (or any parent up to mount point /)
Stopping at filesystem boundary (GIT_DISCOVERY_ACROSS_FILESYSTEM not set).
2024-12-12 10:59:27.351 [info] [Model][doInitialScan] Initial repository scan completed - repositories (12), closed repositories (0), parent repositories (0), unsafe repositories (0)
2024-12-12 10:59:27.367 [info] > git for-each-ref --sort -committerdate --format %(refname) %(objectname) %(*objectname) [49ms]
2024-12-12 10:59:27.408 [info] > git status -z -uall [96ms]
2024-12-12 10:59:27.408 [info] > git show --textconv :scripts/disk_space_monitor.sh [49ms]
2024-12-12 10:59:27.408 [info] > git ls-files --stage -- /home/sysadmin/work/AnsibleMCZR/scripts/disk_space_monitor.sh [41ms]
2024-12-12 10:59:27.410 [info] > git diff --name-status -z --diff-filter=ADMR edb8758cca88ebbab2966e007f45c852d3bfe5e9...refs/remotes/origin/master [59ms]
2024-12-12 10:59:27.410 [info] > git for-each-ref --format=%(refname)%00%(upstream:short)%00%(objectname)%00%(upstream:track)%00%(upstream:remotename)%00%(upstream:remoteref) refs/heads/master refs/remotes/master [67ms]
2024-12-12 10:59:27.742 [info] > git status -z -uall [366ms]
2024-12-12 10:59:27.742 [info] > git status -z -uall [350ms]
2024-12-12 10:59:27.742 [info] > git rev-parse --show-toplevel [335ms]
2024-12-12 10:59:27.742 [info] fatal: not a git repository (or any parent up to mount point /)
Stopping at filesystem boundary (GIT_DISCOVERY_ACROSS_FILESYSTEM not set).
2024-12-12 10:59:27.743 [info] > git for-each-ref --sort -committerdate --format %(refname) %(objectname) %(*objectname) [342ms]
2024-12-12 10:59:27.751 [info] > git for-each-ref --sort -committerdate --format %(refname) %(objectname) %(*objectname) [367ms]
2024-12-12 10:59:27.768 [info] > git check-ignore -v -z --stdin [8ms]
2024-12-12 10:59:27.768 [info] > git for-each-ref --format=%(refname)%00%(upstream:short)%00%(objectname)%00%(upstream:track)%00%(upstream:remotename)%00%(upstream:remoteref) refs/heads/implementing-waf-for-multi-region refs/remotes/implementing-waf-for-multi-region [18ms]
2024-12-12 10:59:27.780 [info] > git config --local branch.implementing-waf-for-multi-region.vscode-merge-base [6ms]
2024-12-12 10:59:27.786 [info] > git config --get commit.template [18ms]
2024-12-12 10:59:27.807 [info] > git status -z -uall [13ms]
2024-12-12 10:59:27.808 [info] > git for-each-ref --format=%(refname)%00%(upstream:short)%00%(objectname)%00%(upstream:track)%00%(upstream:remotename)%00%(upstream:remoteref) refs/heads/origin/main refs/remotes/origin/main [22ms]
2024-12-12 10:59:27.818 [info] > git for-each-ref --format=%(refname)%00%(upstream:short)%00%(objectname)%00%(upstream:track)%00%(upstream:remotename)%00%(upstream:remoteref) refs/heads/implementing-waf-for-multi-region refs/remotes/implementing-waf-for-multi-region [12ms]
2024-12-12 10:59:27.818 [info] > git for-each-ref --sort -committerdate --format %(refname) %(objectname) %(*objectname) [17ms]
2024-12-12 10:59:27.820 [info] > git merge-base refs/heads/implementing-waf-for-multi-region refs/remotes/origin/implementing-waf-for-multi-region [4ms]
2024-12-12 10:59:27.830 [info] > git diff --name-status -z --diff-filter=ADMR fc0c1d2692d3a435ecfc3cd789d7c5e1891034d4...refs/remotes/origin/implementing-waf-for-multi-region [2ms]
2024-12-12 10:59:27.848 [info] > git for-each-ref --sort -committerdate --format %(refname) %(objectname) %(*objectname) [4ms]
2024-12-12 10:59:27.862 [info] > git status -z -uall [26ms]
2024-12-12 10:59:28.540 [info] > git status -z -uall [1975ms]
2024-12-12 10:59:28.554 [info] > git status -z -uall [1268ms]
2024-12-12 10:59:28.554 [info] > git config --get commit.template [1ms]
2024-12-12 10:59:28.555 [info] > git for-each-ref --format=%(refname)%00%(upstream:short)%00%(objectname)%00%(upstream:track)%00%(upstream:remotename)%00%(upstream:remoteref) refs/heads/qa-add-logging-and-error-catch refs/remotes/qa-add-logging-and-error-catch [9ms]
2024-12-12 10:59:28.567 [info] > git config --local branch.qa-add-logging-and-error-catch.vscode-merge-base [6ms]
2024-12-12 10:59:28.572 [info] > git for-each-ref --format=%(refname)%00%(upstream:short)%00%(objectname)%00%(upstream:track)%00%(upstream:remotename)%00%(upstream:remoteref) refs/heads/qa-add-logging-and-error-catch refs/remotes/qa-add-logging-and-error-catch [6ms]
2024-12-12 10:59:28.585 [info] > git for-each-ref --format=%(refname)%00%(upstream:short)%00%(objectname)%00%(upstream:track)%00%(upstream:remotename)%00%(upstream:remoteref) refs/heads/origin/main refs/remotes/origin/main [14ms]
2024-12-12 10:59:28.598 [info] > git merge-base refs/heads/qa-add-logging-and-error-catch refs/remotes/origin/qa-add-logging-and-error-catch [7ms]
2024-12-12 10:59:28.607 [info] > git for-each-ref --sort -committerdate --format %(refname) %(objectname) %(*objectname) [22ms]
2024-12-12 10:59:28.609 [info] > git diff --name-status -z --diff-filter=ADMR 34de1e043ec086d0d611a71072115d3e9ac4e8b0...refs/remotes/origin/qa-add-logging-and-error-catch [4ms]
2024-12-12 10:59:30.226 [info] > git status -z -uall [1649ms]
2024-12-12 10:59:59.672 [info] [main] Log level: Info
2024-12-12 10:59:59.672 [info] [main] Validating found git in: "git"
2024-12-12 10:59:59.672 [info] [main] Using git "2.45.2" from "git"
2024-12-12 10:59:59.672 [info] [Model][doInitialScan] Initial repository scan started
2024-12-12 10:59:59.672 [info] > git rev-parse --show-toplevel [32ms]
2024-12-12 10:59:59.672 [info] fatal: not a git repository (or any parent up to mount point /)
Stopping at filesystem boundary (GIT_DISCOVERY_ACROSS_FILESYSTEM not set).
2024-12-12 11:00:00.033 [info] > git rev-parse --show-toplevel [1ms]
2024-12-12 11:00:00.039 [info] > git rev-parse --git-dir --git-common-dir [1ms]
2024-12-12 11:00:00.048 [info] [Model][openRepository] Opened repository: /home/sysadmin/work/AnsibleMCZR
2024-12-12 11:00:00.062 [info] > git config --get commit.template [8ms]
2024-12-12 11:00:00.062 [info] > git rev-parse --show-toplevel [1ms]
2024-12-12 11:00:00.073 [info] > git for-each-ref --format=%(refname)%00%(upstream:short)%00%(objectname)%00%(upstream:track)%00%(upstream:remotename)%00%(upstream:remoteref) refs/heads/main refs/remotes/main [6ms]
2024-12-12 11:00:00.074 [info] > git rev-parse --git-dir --git-common-dir [2ms]
2024-12-12 11:00:00.077 [info] [Model][openRepository] Opened repository: /home/sysadmin/work/Auto-Deployment
2024-12-12 11:00:00.087 [info] > git config --get commit.template [4ms]
2024-12-12 11:00:00.100 [info] > git rev-parse --show-toplevel [13ms]
2024-12-12 11:00:00.100 [info] fatal: not a git repository (or any parent up to mount point /)
Stopping at filesystem boundary (GIT_DISCOVERY_ACROSS_FILESYSTEM not set).
2024-12-12 11:00:00.112 [info] > git for-each-ref --format=%(refname)%00%(upstream:short)%00%(objectname)%00%(upstream:track)%00%(upstream:remotename)%00%(upstream:remoteref) refs/heads/main refs/remotes/main [7ms]
2024-12-12 11:00:00.113 [info] > git for-each-ref --sort -committerdate --format %(refname) %(objectname) %(*objectname) [14ms]
2024-12-12 11:00:00.114 [info] > git rev-parse --show-toplevel [3ms]
2024-12-12 11:00:00.452 [info] > git rev-parse --git-dir --git-common-dir [333ms]
2024-12-12 11:00:00.456 [info] [Model][openRepository] Opened repository: /home/sysadmin/work/bookworm-scripts
2024-12-12 11:00:00.499 [info] > git status -z -uall [22ms]
2024-12-12 11:00:00.499 [info] > git rev-parse --show-toplevel [4ms]
2024-12-12 11:00:00.499 [info] > git config --get commit.template [11ms]
2024-12-12 11:00:00.500 [info] > git for-each-ref --sort -committerdate --format %(refname) %(objectname) %(*objectname) [16ms]
2024-12-12 11:00:00.525 [info] > git for-each-ref --format=%(refname)%00%(upstream:short)%00%(objectname)%00%(upstream:track)%00%(upstream:remotename)%00%(upstream:remoteref) refs/heads/main refs/remotes/main [14ms]
2024-12-12 11:00:00.537 [info] > git config --local branch.main.vscode-merge-base [6ms]
2024-12-12 11:00:00.544 [info] > git config --get commit.template [20ms]
2024-12-12 11:00:00.544 [info] > git rev-parse --git-dir --git-common-dir [25ms]
2024-12-12 11:00:00.547 [info] [Model][openRepository] Opened repository: /home/sysadmin/work/dotconfigs
2024-12-12 11:00:00.561 [info] > git for-each-ref --format=%(refname)%00%(upstream:short)%00%(objectname)%00%(upstream:track)%00%(upstream:remotename)%00%(upstream:remoteref) refs/heads/origin/main refs/remotes/origin/main [17ms]
2024-12-12 11:00:00.577 [info] > git for-each-ref --format=%(refname)%00%(upstream:short)%00%(objectname)%00%(upstream:track)%00%(upstream:remotename)%00%(upstream:remoteref) refs/heads/main refs/remotes/main [40ms]
2024-12-12 11:00:00.588 [warning] [Git][revParse] Unable to read file: ENOENT: no such file or directory, open '/home/sysadmin/work/bookworm-scripts/.git/refs/remotes/origin/main'
2024-12-12 11:00:00.588 [info] > git merge-base refs/heads/main refs/remotes/origin/main [21ms]
2024-12-12 11:00:00.595 [info] > git rev-parse --show-toplevel [37ms]
2024-12-12 11:00:00.596 [info] > git config --get commit.template [43ms]
2024-12-12 11:00:00.603 [info] > git diff --name-status -z --diff-filter=ADMR 4571530cad10b53a5a8da6ea9f217da064f7283c...refs/remotes/origin/main [8ms]
2024-12-12 11:00:00.604 [info] > git rev-parse refs/remotes/origin/main [16ms]
2024-12-12 11:00:00.616 [info] > git for-each-ref --format=%(refname)%00%(upstream:short)%00%(objectname)%00%(upstream:track)%00%(upstream:remotename)%00%(upstream:remoteref) refs/heads/main refs/remotes/main [32ms]
2024-12-12 11:00:00.621 [info] > git status -z -uall [11ms]
2024-12-12 11:00:00.622 [info] > git rev-parse --git-dir --git-common-dir [20ms]
2024-12-12 11:00:00.626 [info] [Model][openRepository] Opened repository: /home/sysadmin/work/hugoNektarine
2024-12-12 11:00:00.638 [info] > git for-each-ref --format=%(refname)%00%(upstream:short)%00%(objectname)%00%(upstream:track)%00%(upstream:remotename)%00%(upstream:remoteref) refs/heads/main refs/remotes/main [18ms]
2024-12-12 11:00:00.638 [info] > git for-each-ref --sort -committerdate --format %(refname) %(objectname) %(*objectname) [23ms]
2024-12-12 11:00:00.656 [info] > git for-each-ref --format=%(refname)%00%(upstream:short)%00%(objectname)%00%(upstream:track)%00%(upstream:remotename)%00%(upstream:remoteref) refs/heads/main refs/remotes/main [8ms]
2024-12-12 11:00:00.662 [info] > git rev-parse --show-toplevel [24ms]
2024-12-12 11:00:00.662 [info] > git config --get commit.template [29ms]
2024-12-12 11:00:00.680 [info] > git status -z -uall [11ms]
2024-12-12 11:00:00.680 [info] > git config --local branch.main.vscode-merge-base [18ms]
2024-12-12 11:00:00.685 [info] > git config --get commit.template [30ms]
2024-12-12 11:00:00.690 [info] > git rev-parse --git-dir --git-common-dir [10ms]
2024-12-12 11:00:00.694 [info] [Model][openRepository] Opened repository: /home/sysadmin/work/lambda-v1
2024-12-12 11:00:00.694 [info] > git for-each-ref --sort -committerdate --format %(refname) %(objectname) %(*objectname) [20ms]
2024-12-12 11:00:00.723 [info] > git status -z -uall [20ms]
2024-12-12 11:00:00.723 [info] > git for-each-ref --format=%(refname)%00%(upstream:short)%00%(objectname)%00%(upstream:track)%00%(upstream:remotename)%00%(upstream:remoteref) refs/heads/main refs/remotes/main [34ms]
2024-12-12 11:00:00.724 [info] > git for-each-ref --format=%(refname)%00%(upstream:short)%00%(objectname)%00%(upstream:track)%00%(upstream:remotename)%00%(upstream:remoteref) refs/heads/origin/main refs/remotes/origin/main [39ms]
2024-12-12 11:00:00.732 [info] > git merge-base refs/heads/main refs/remotes/origin/main [3ms]
2024-12-12 11:00:00.737 [info] > git rev-parse --show-toplevel [14ms]
2024-12-12 11:00:00.737 [info] > git config --get commit.template [19ms]
2024-12-12 11:00:00.737 [info] > git for-each-ref --format=%(refname)%00%(upstream:short)%00%(objectname)%00%(upstream:track)%00%(upstream:remotename)%00%(upstream:remoteref) refs/heads/main refs/remotes/main [23ms]
2024-12-12 11:00:00.737 [info] > git for-each-ref --sort -committerdate --format %(refname) %(objectname) %(*objectname) [28ms]
2024-12-12 11:00:00.757 [warning] [Git][revParse] Unable to read file: ENOENT: no such file or directory, open '/home/sysadmin/work/bookworm-scripts/.git/refs/remotes/origin/main'
2024-12-12 11:00:00.762 [info] > git for-each-ref --format=%(refname)%00%(upstream:short)%00%(objectname)%00%(upstream:track)%00%(upstream:remotename)%00%(upstream:remoteref) refs/heads/main refs/remotes/main [18ms]
2024-12-12 11:00:00.767 [info] > git diff --name-status -z --diff-filter=ADMR 6ddde2347ea37433986779bb63912280b350bd7e...refs/remotes/origin/main [30ms]
2024-12-12 11:00:00.773 [info] > git config --local branch.main.vscode-merge-base [6ms]
2024-12-12 11:00:00.773 [warning] [Git][config] git config failed: Failed to execute git
2024-12-12 11:00:00.778 [info] > git config --get commit.template [16ms]
2024-12-12 11:00:00.778 [info] > git rev-parse refs/remotes/origin/main [21ms]
2024-12-12 11:00:00.788 [info] > git rev-parse --git-dir --git-common-dir [35ms]
2024-12-12 11:00:00.791 [info] [Model][openRepository] Opened repository: /home/sysadmin/work/ly
2024-12-12 11:00:00.812 [info] > git status -z -uall [29ms]
2024-12-12 11:00:00.812 [info] > git for-each-ref --sort -committerdate --format %(refname) %(objectname) %(*objectname) [25ms]
2024-12-12 11:00:00.815 [info] > git reflog main --grep-reflog=branch: Created from *. [37ms]
2024-12-12 11:00:00.821 [info] > git for-each-ref --format=%(refname)%00%(upstream:short)%00%(objectname)%00%(upstream:track)%00%(upstream:remotename)%00%(upstream:remoteref) refs/heads/main refs/remotes/main [48ms]
2024-12-12 11:00:00.829 [info] > git symbolic-ref --short refs/remotes/origin/HEAD [9ms]
2024-12-12 11:00:00.829 [info] fatal: ref refs/remotes/origin/HEAD is not a symbolic ref
2024-12-12 11:00:00.829 [warning] [Repository][getDefaultBranch] Failed to get default branch details: Failed to execute git.
2024-12-12 11:00:00.834 [info] > git rev-parse --show-toplevel [23ms]
2024-12-12 11:00:00.834 [info] fatal: not a git repository (or any parent up to mount point /)
Stopping at filesystem boundary (GIT_DISCOVERY_ACROSS_FILESYSTEM not set).
2024-12-12 11:00:00.835 [info] > git config --get commit.template [29ms]
2024-12-12 11:00:00.835 [info] > git for-each-ref --sort -committerdate --format %(refname) %(objectname) %(*objectname) [34ms]
2024-12-12 11:00:00.843 [info] > git merge-base refs/heads/main refs/remotes/origin/main [9ms]
2024-12-12 11:00:00.848 [info] > git for-each-ref --format=%(refname)%00%(upstream:short)%00%(objectname)%00%(upstream:track)%00%(upstream:remotename)%00%(upstream:remoteref) refs/heads/main refs/remotes/main [20ms]
2024-12-12 11:00:00.853 [info] > git rev-parse --show-toplevel [11ms]
2024-12-12 11:00:00.869 [info] > git diff --name-status -z --diff-filter=ADMR 612b0384201fb5ebbca1a5c0691a645dad16fb24...refs/remotes/origin/main [21ms]
2024-12-12 11:00:00.870 [info] > git status -z -uall [12ms]
2024-12-12 11:00:00.870 [info] > git rev-parse --git-dir --git-common-dir [1ms]
2024-12-12 11:00:00.873 [info] [Model][openRepository] Opened repository: /home/sysadmin/work/mycustomizer
2024-12-12 11:00:00.874 [info] > git for-each-ref --sort -committerdate --format %(refname) %(objectname) %(*objectname) [10ms]
2024-12-12 11:00:00.885 [info] > git for-each-ref --format=%(refname)%00%(upstream:short)%00%(objectname)%00%(upstream:track)%00%(upstream:remotename)%00%(upstream:remoteref) refs/heads/master refs/remotes/master [32ms]
2024-12-12 11:00:00.917 [warning] [Git][revParse] Unable to read file: ENOENT: no such file or directory, open '/home/sysadmin/work/ly/.git/refs/remotes/origin/master'
2024-12-12 11:00:00.918 [info] > git status -z -uall [26ms]
2024-12-12 11:00:00.918 [info] > git for-each-ref --format=%(refname)%00%(upstream:short)%00%(objectname)%00%(upstream:track)%00%(upstream:remotename)%00%(upstream:remoteref) refs/heads/main refs/remotes/main [35ms]
2024-12-12 11:00:00.930 [info] > git config --local branch.main.vscode-merge-base [6ms]
2024-12-12 11:00:00.930 [warning] [Git][config] git config failed: Failed to execute git
2024-12-12 11:00:00.936 [info] > git rev-parse refs/remotes/origin/master [19ms]
2024-12-12 11:00:00.947 [info] > git config --get commit.template [34ms]
2024-12-12 11:00:00.947 [info] > git rev-parse --show-toplevel [39ms]
2024-12-12 11:00:00.947 [info] fatal: not a git repository (or any parent up to mount point /)
Stopping at filesystem boundary (GIT_DISCOVERY_ACROSS_FILESYSTEM not set).
2024-12-12 11:00:00.947 [info] > git config --get commit.template [44ms]
2024-12-12 11:00:00.947 [info] > git for-each-ref --sort -committerdate --format %(refname) %(objectname) %(*objectname) [49ms]
2024-12-12 11:00:00.956 [info] > git status -z -uall [14ms]
2024-12-12 11:00:00.956 [info] > git for-each-ref --sort -committerdate --format %(refname) %(objectname) %(*objectname) [9ms]
2024-12-12 11:00:00.965 [info] > git reflog main --grep-reflog=branch: Created from *. [29ms]
2024-12-12 11:00:00.991 [info] > git status -z -uall [195ms]
2024-12-12 11:00:00.991 [info] > git check-ignore -v -z --stdin [15ms]
2024-12-12 11:00:00.992 [info] > git symbolic-ref --short refs/remotes/origin/HEAD [22ms]
2024-12-12 11:00:00.992 [info] fatal: ref refs/remotes/origin/HEAD is not a symbolic ref
2024-12-12 11:00:00.992 [warning] [Repository][getDefaultBranch] Failed to get default branch details: Failed to execute git.
2024-12-12 11:00:00.998 [info] > git for-each-ref --format=%(refname)%00%(upstream:short)%00%(objectname)%00%(upstream:track)%00%(upstream:remotename)%00%(upstream:remoteref) refs/heads/master refs/remotes/master [34ms]
2024-12-12 11:00:01.003 [info] > git rev-parse --show-toplevel [48ms]
2024-12-12 11:00:01.023 [info] > git for-each-ref --format=%(refname)%00%(upstream:short)%00%(objectname)%00%(upstream:track)%00%(upstream:remotename)%00%(upstream:remoteref) refs/heads/main refs/remotes/main [13ms]
2024-12-12 11:00:01.029 [info] > git config --local branch.master.vscode-merge-base [26ms]
2024-12-12 11:00:01.034 [info] > git merge-base refs/heads/main refs/remotes/origin/main [36ms]
2024-12-12 11:00:01.040 [info] > git config --get commit.template [50ms]
2024-12-12 11:00:01.040 [info] > git for-each-ref --format=%(refname)%00%(upstream:short)%00%(objectname)%00%(upstream:track)%00%(upstream:remotename)%00%(upstream:remoteref) refs/heads/main refs/remotes/main [54ms]
2024-12-12 11:00:01.040 [info] > git for-each-ref --format=%(refname)%00%(upstream:short)%00%(objectname)%00%(upstream:track)%00%(upstream:remotename)%00%(upstream:remoteref) refs/heads/qa-add-logging-and-error-catch refs/remotes/qa-add-logging-and-error-catch [58ms]
2024-12-12 11:00:01.042 [info] > git diff --name-status -z --diff-filter=ADMR 7a6a8ff556e3224ac3d7835572fec05eadad1753...refs/remotes/origin/main [2ms]
2024-12-12 11:00:01.042 [info] > git for-each-ref --format=%(refname)%00%(upstream:short)%00%(objectname)%00%(upstream:track)%00%(upstream:remotename)%00%(upstream:remoteref) refs/heads/origin/master refs/remotes/origin/master [8ms]
2024-12-12 11:00:01.048 [info] > git config --local branch.main.vscode-merge-base [19ms]
2024-12-12 11:00:01.048 [warning] [Git][config] git config failed: Failed to execute git
2024-12-12 11:00:01.053 [info] > git config --get commit.template [31ms]
2024-12-12 11:00:01.053 [info] > git rev-parse --git-dir --git-common-dir [35ms]
2024-12-12 11:00:01.057 [info] [Model][openRepository] Opened repository: /home/sysadmin/work/pythonprojects
2024-12-12 11:00:01.079 [info] > git reflog main --grep-reflog=branch: Created from *. [26ms]
2024-12-12 11:00:01.084 [info] > git merge-base refs/heads/master refs/remotes/origin/master [37ms]
2024-12-12 11:00:01.097 [info] > git diff --name-status -z --diff-filter=ADMR e125d8f1aa1544a6a106047c0acd7a7d2e0ff16c...refs/remotes/origin/master [8ms]
2024-12-12 11:00:01.098 [info] > git symbolic-ref --short refs/remotes/origin/HEAD [14ms]
2024-12-12 11:00:01.098 [info] fatal: ref refs/remotes/origin/HEAD is not a symbolic ref
2024-12-12 11:00:01.098 [warning] [Repository][getDefaultBranch] Failed to get default branch details: Failed to execute git.
2024-12-12 11:00:01.103 [info] > git rev-parse --show-toplevel [25ms]
2024-12-12 11:00:01.104 [info] > git config --get commit.template [32ms]
2024-12-12 11:00:01.104 [info] > git for-each-ref --format=%(refname)%00%(upstream:short)%00%(objectname)%00%(upstream:track)%00%(upstream:remotename)%00%(upstream:remoteref) refs/heads/master refs/remotes/master [38ms]
2024-12-12 11:00:01.140 [warning] [Git][revParse] Unable to read file: ENOENT: no such file or directory, open '/home/sysadmin/work/ly/.git/refs/remotes/origin/master'
2024-12-12 11:00:01.141 [info] > git status -z -uall [31ms]
2024-12-12 11:00:01.141 [info] > git merge-base refs/heads/main refs/remotes/origin/main [38ms]
2024-12-12 11:00:01.148 [info] > git for-each-ref --format=%(refname)%00%(upstream:short)%00%(objectname)%00%(upstream:track)%00%(upstream:remotename)%00%(upstream:remoteref) refs/heads/main refs/remotes/main [52ms]
2024-12-12 11:00:01.153 [info] > git rev-parse refs/remotes/origin/master [13ms]
2024-12-12 11:00:01.165 [info] > git rev-parse --git-dir --git-common-dir [30ms]
2024-12-12 11:00:01.168 [info] [Model][openRepository] Opened repository: /home/sysadmin/work/pythonprojects.old
2024-12-12 11:00:01.169 [info] > git for-each-ref --sort -committerdate --format %(refname) %(objectname) %(*objectname) [54ms]
2024-12-12 11:00:01.185 [info] > git status -z -uall [26ms]
2024-12-12 11:00:01.185 [info] > git for-each-ref --sort -committerdate --format %(refname) %(objectname) %(*objectname) [20ms]
2024-12-12 11:00:01.187 [info] > git for-each-ref --format=%(refname)%00%(upstream:short)%00%(objectname)%00%(upstream:track)%00%(upstream:remotename)%00%(upstream:remoteref) refs/heads/main refs/remotes/main [34ms]
2024-12-12 11:00:01.190 [info] > git for-each-ref --sort -committerdate --format %(refname) %(objectname) %(*objectname) [60ms]
2024-12-12 11:00:01.193 [info] > git diff --name-status -z --diff-filter=ADMR 781fdfba7c9f48e579cfd1c2771db24d277654ca...refs/remotes/origin/main [45ms]
2024-12-12 11:00:01.195 [info] > git rev-parse --show-toplevel [11ms]
2024-12-12 11:00:01.196 [info] > git config --get commit.template [19ms]
2024-12-12 11:00:01.219 [info] > git for-each-ref --sort -committerdate --format %(refname) %(objectname) %(*objectname) [12ms]
2024-12-12 11:00:01.233 [info] > git rev-parse --git-dir --git-common-dir [19ms]
2024-12-12 11:00:01.236 [info] [Model][openRepository] Opened repository: /home/sysadmin/work/swarm-stack
2024-12-12 11:00:01.250 [info] > git for-each-ref --sort -committerdate --format %(refname) %(objectname) %(*objectname) [18ms]
2024-12-12 11:00:01.250 [info] > git for-each-ref --format=%(refname)%00%(upstream:short)%00%(objectname)%00%(upstream:track)%00%(upstream:remotename)%00%(upstream:remoteref) refs/heads/StatusPage-From-flask-to-FastAPI refs/remotes/StatusPage-From-flask-to-FastAPI [32ms]
2024-12-12 11:00:01.251 [info] > git rev-parse --show-toplevel [2ms]
2024-12-12 11:00:01.251 [info] fatal: not a git repository (or any parent up to mount point /)
Stopping at filesystem boundary (GIT_DISCOVERY_ACROSS_FILESYSTEM not set).
2024-12-12 11:00:01.251 [info] > git config --get commit.template [8ms]
2024-12-12 11:00:01.277 [info] > git rev-parse --show-toplevel [19ms]
2024-12-12 11:00:01.284 [info] > git for-each-ref --sort -committerdate --format %(refname) %(objectname) %(*objectname) [8ms]
2024-12-12 11:00:01.284 [info] > git for-each-ref --format=%(refname)%00%(upstream:short)%00%(objectname)%00%(upstream:track)%00%(upstream:remotename)%00%(upstream:remoteref) refs/heads/master refs/remotes/master [21ms]
2024-12-12 11:00:01.284 [info] > git rev-parse --git-dir --git-common-dir [1ms]
2024-12-12 11:00:01.287 [info] [Model][openRepository] Opened repository: /home/sysadmin/work/terraform
2024-12-12 11:00:01.301 [info] > git status -z -uall [76ms]
2024-12-12 11:00:01.301 [info] > git config --get commit.template [8ms]
2024-12-12 11:00:01.332 [info] > git status -z -uall [64ms]
2024-12-12 11:00:01.332 [info] > git status -z -uall [12ms]
2024-12-12 11:00:01.332 [info] > git for-each-ref --format=%(refname)%00%(upstream:short)%00%(objectname)%00%(upstream:track)%00%(upstream:remotename)%00%(upstream:remoteref) refs/heads/main refs/remotes/main [22ms]
2024-12-12 11:00:01.337 [info] > git rev-parse --show-toplevel [37ms]
2024-12-12 11:00:01.337 [info] fatal: not a git repository (or any parent up to mount point /)
Stopping at filesystem boundary (GIT_DISCOVERY_ACROSS_FILESYSTEM not set).
2024-12-12 11:00:01.349 [info] > git config --local branch.main.vscode-merge-base [12ms]
2024-12-12 11:00:01.354 [info] > git config --get commit.template [23ms]
2024-12-12 11:00:01.354 [info] > git for-each-ref --sort -committerdate --format %(refname) %(objectname) %(*objectname) [28ms]
2024-12-12 11:00:01.397 [info] > git status -z -uall [1303ms]
2024-12-12 11:00:01.397 [info] > git status -z -uall [195ms]
2024-12-12 11:00:01.398 [info] > git for-each-ref --format=%(refname)%00%(upstream:short)%00%(objectname)%00%(upstream:track)%00%(upstream:remotename)%00%(upstream:remoteref) refs/heads/StatusPage-From-flask-to-FastAPI refs/remotes/StatusPage-From-flask-to-FastAPI [13ms]
2024-12-12 11:00:01.403 [info] > git for-each-ref --format=%(refname)%00%(upstream:short)%00%(objectname)%00%(upstream:track)%00%(upstream:remotename)%00%(upstream:remoteref) refs/heads/master refs/remotes/master [39ms]
2024-12-12 11:00:01.407 [info] > git for-each-ref --format=%(refname)%00%(upstream:short)%00%(objectname)%00%(upstream:track)%00%(upstream:remotename)%00%(upstream:remoteref) refs/heads/origin/main refs/remotes/origin/main [53ms]
2024-12-12 11:00:01.412 [info] > git rev-parse --show-toplevel [64ms]
2024-12-12 11:00:01.412 [info] fatal: not a git repository (or any parent up to mount point /)
Stopping at filesystem boundary (GIT_DISCOVERY_ACROSS_FILESYSTEM not set).
2024-12-12 11:00:01.412 [info] > git for-each-ref --format=%(refname)%00%(upstream:short)%00%(objectname)%00%(upstream:track)%00%(upstream:remotename)%00%(upstream:remoteref) refs/heads/implementing-waf-for-multi-region refs/remotes/implementing-waf-for-multi-region [69ms]
2024-12-12 11:00:01.427 [info] > git merge-base refs/heads/main refs/remotes/origin/main [15ms]
2024-12-12 11:00:01.431 [info] > git config --local branch.master.vscode-merge-base [24ms]
2024-12-12 11:00:01.436 [info] > git config --local branch.StatusPage-From-flask-to-FastAPI.vscode-merge-base [33ms]
2024-12-12 11:00:01.441 [info] > git config --get commit.template [45ms]
2024-12-12 11:00:01.441 [info] > git config --get commit.template [49ms]
2024-12-12 11:00:01.457 [info] > git for-each-ref --format=%(refname)%00%(upstream:short)%00%(objectname)%00%(upstream:track)%00%(upstream:remotename)%00%(upstream:remoteref) refs/heads/main refs/remotes/main [8ms]
2024-12-12 11:00:01.463 [info] > git for-each-ref --format=%(refname)%00%(upstream:short)%00%(objectname)%00%(upstream:track)%00%(upstream:remotename)%00%(upstream:remoteref) refs/heads/origin/main refs/remotes/origin/main [23ms]
2024-12-12 11:00:01.468 [info] > git for-each-ref --format=%(refname)%00%(upstream:short)%00%(objectname)%00%(upstream:track)%00%(upstream:remotename)%00%(upstream:remoteref) refs/heads/origin/master refs/remotes/origin/master [32ms]
2024-12-12 11:00:01.473 [info] > git diff --name-status -z --diff-filter=ADMR b5f05b0d411f09608e6f61cd6c2fa85c29bbc5f4...refs/remotes/origin/main [42ms]
2024-12-12 11:00:01.473 [info] > git rev-parse --show-toplevel [47ms]
2024-12-12 11:00:01.473 [info] fatal: not a git repository (or any parent up to mount point /)
Stopping at filesystem boundary (GIT_DISCOVERY_ACROSS_FILESYSTEM not set).
2024-12-12 11:00:01.473 [info] > git for-each-ref --format=%(refname)%00%(upstream:short)%00%(objectname)%00%(upstream:track)%00%(upstream:remotename)%00%(upstream:remoteref) refs/heads/main refs/remotes/main [52ms]
2024-12-12 11:00:01.490 [info] > git merge-base refs/heads/master refs/remotes/origin/master [16ms]
2024-12-12 11:00:01.494 [info] > git merge-base refs/heads/StatusPage-From-flask-to-FastAPI refs/remotes/origin/StatusPage-From-flask-to-FastAPI [26ms]
2024-12-12 11:00:01.499 [info] > git config --local branch.main.vscode-merge-base [36ms]
2024-12-12 11:00:01.503 [info] > git config --get commit.template [47ms]
2024-12-12 11:00:01.522 [info] > git for-each-ref --format=%(refname)%00%(upstream:short)%00%(objectname)%00%(upstream:track)%00%(upstream:remotename)%00%(upstream:remoteref) refs/heads/origin/main refs/remotes/origin/main [19ms]
2024-12-12 11:00:01.529 [info] > git diff --name-status -z --diff-filter=ADMR 985d4f8ec45c4e5c8f14e2bd62a8f6c2549b11e5...refs/remotes/origin/StatusPage-From-flask-to-FastAPI [30ms]
2024-12-12 11:00:01.530 [info] > git diff --name-status -z --diff-filter=ADMR edb8758cca88ebbab2966e007f45c852d3bfe5e9...refs/remotes/origin/master [36ms]
2024-12-12 11:00:01.530 [info] > git rev-parse --show-toplevel [41ms]
2024-12-12 11:00:01.530 [info] fatal: not a git repository (or any parent up to mount point /)
Stopping at filesystem boundary (GIT_DISCOVERY_ACROSS_FILESYSTEM not set).
2024-12-12 11:00:01.530 [info] [Model][doInitialScan] Initial repository scan completed - repositories (12), closed repositories (0), parent repositories (0), unsafe repositories (0)
2024-12-12 11:00:01.531 [info] > git for-each-ref --format=%(refname)%00%(upstream:short)%00%(objectname)%00%(upstream:track)%00%(upstream:remotename)%00%(upstream:remoteref) refs/heads/StatusPage-From-flask-to-FastAPI refs/remotes/StatusPage-From-flask-to-FastAPI [46ms]
2024-12-12 11:00:01.531 [info] > git for-each-ref --format=%(refname)%00%(upstream:short)%00%(objectname)%00%(upstream:track)%00%(upstream:remotename)%00%(upstream:remoteref) refs/heads/master refs/remotes/master [50ms]
2024-12-12 11:00:01.537 [info] > git status -z -uall [23ms]
2024-12-12 11:00:01.537 [info] > git merge-base refs/heads/main refs/remotes/origin/main [8ms]
2024-12-12 11:00:01.545 [info] > git for-each-ref --sort -committerdate --format %(refname) %(objectname) %(*objectname) [26ms]
2024-12-12 11:00:01.572 [info] > git for-each-ref --format=%(refname)%00%(upstream:short)%00%(objectname)%00%(upstream:track)%00%(upstream:remotename)%00%(upstream:remoteref) refs/heads/implementing-waf-for-multi-region refs/remotes/implementing-waf-for-multi-region [20ms]
2024-12-12 11:00:01.577 [info] > git diff --name-status -z --diff-filter=ADMR bb80f7b5cd36f9f22609216b050e0e3e0210f081...refs/remotes/origin/main [32ms]
2024-12-12 11:00:01.577 [info] > git for-each-ref --format=%(refname)%00%(upstream:short)%00%(objectname)%00%(upstream:track)%00%(upstream:remotename)%00%(upstream:remoteref) refs/heads/main refs/remotes/main [40ms]
2024-12-12 11:00:01.579 [info] > git config --local branch.implementing-waf-for-multi-region.vscode-merge-base [2ms]
2024-12-12 11:00:01.584 [info] > git config --get commit.template [13ms]
2024-12-12 11:00:01.584 [info] > git for-each-ref --sort -committerdate --format %(refname) %(objectname) %(*objectname) [18ms]
2024-12-12 11:00:01.609 [info] > git status -z -uall [11ms]
2024-12-12 11:00:01.609 [info] > git for-each-ref --sort -committerdate --format %(refname) %(objectname) %(*objectname) [15ms]
2024-12-12 11:00:01.609 [info] > git for-each-ref --format=%(refname)%00%(upstream:short)%00%(objectname)%00%(upstream:track)%00%(upstream:remotename)%00%(upstream:remoteref) refs/heads/origin/main refs/remotes/origin/main [25ms]
2024-12-12 11:00:01.631 [info] > git status -z -uall [69ms]
2024-12-12 11:00:01.631 [info] > git check-ignore -v -z --stdin [12ms]
2024-12-12 11:00:01.632 [info] > git merge-base refs/heads/implementing-waf-for-multi-region refs/remotes/origin/implementing-waf-for-multi-region [18ms]
2024-12-12 11:00:01.637 [info] > git for-each-ref --format=%(refname)%00%(upstream:short)%00%(objectname)%00%(upstream:track)%00%(upstream:remotename)%00%(upstream:remoteref) refs/heads/implementing-waf-for-multi-region refs/remotes/implementing-waf-for-multi-region [29ms]
2024-12-12 11:00:01.638 [info] > git for-each-ref --sort -committerdate --format %(refname) %(objectname) %(*objectname) [34ms]
2024-12-12 11:00:01.641 [info] > git status -z -uall [52ms]
2024-12-12 11:00:01.641 [info] > git diff --name-status -z --diff-filter=ADMR fc0c1d2692d3a435ecfc3cd789d7c5e1891034d4...refs/remotes/origin/implementing-waf-for-multi-region [4ms]
2024-12-12 11:00:01.642 [info] > git for-each-ref --sort -committerdate --format %(refname) %(objectname) %(*objectname) [11ms]
2024-12-12 11:00:01.665 [info] > git for-each-ref --sort -committerdate --format %(refname) %(objectname) %(*objectname) [1ms]
2024-12-12 11:00:01.672 [info] > git status -z -uall [15ms]
2024-12-12 11:00:02.741 [info] > git status -z -uall [1117ms]
2024-12-12 11:00:02.827 [info] > git status -z -uall [1707ms]
2024-12-12 11:00:02.844 [info] > git config --get commit.template [3ms]
2024-12-12 11:00:02.844 [info] > git for-each-ref --format=%(refname)%00%(upstream:short)%00%(objectname)%00%(upstream:track)%00%(upstream:remotename)%00%(upstream:remoteref) refs/heads/qa-add-logging-and-error-catch refs/remotes/qa-add-logging-and-error-catch [9ms]
2024-12-12 11:00:02.855 [info] > git config --local branch.qa-add-logging-and-error-catch.vscode-merge-base [5ms]
2024-12-12 11:00:02.860 [info] > git for-each-ref --format=%(refname)%00%(upstream:short)%00%(objectname)%00%(upstream:track)%00%(upstream:remotename)%00%(upstream:remoteref) refs/heads/qa-add-logging-and-error-catch refs/remotes/qa-add-logging-and-error-catch [5ms]
2024-12-12 11:00:02.873 [info] > git for-each-ref --format=%(refname)%00%(upstream:short)%00%(objectname)%00%(upstream:track)%00%(upstream:remotename)%00%(upstream:remoteref) refs/heads/origin/main refs/remotes/origin/main [13ms]
2024-12-12 11:00:02.887 [info] > git merge-base refs/heads/qa-add-logging-and-error-catch refs/remotes/origin/qa-add-logging-and-error-catch [6ms]
2024-12-12 11:00:02.896 [info] > git for-each-ref --sort -committerdate --format %(refname) %(objectname) %(*objectname) [22ms]
2024-12-12 11:00:02.898 [info] > git diff --name-status -z --diff-filter=ADMR 34de1e043ec086d0d611a71072115d3e9ac4e8b0...refs/remotes/origin/qa-add-logging-and-error-catch [4ms]
2024-12-12 11:00:04.467 [info] > git status -z -uall [1602ms]
2024-12-12 11:00:15.546 [info] > git show --textconv :scripts/disk_space_monitor.sh [14ms]
2024-12-12 11:00:15.549 [info] > git ls-files --stage -- /home/sysadmin/work/AnsibleMCZR/scripts/disk_space_monitor.sh [3ms]
2024-12-12 11:00:15.848 [info] > git check-ignore -v -z --stdin [1ms]
2024-12-12 11:00:29.630 [info] > git check-ignore -v -z --stdin [66ms]
2024-12-12 11:00:29.631 [info] > git check-ignore -v -z --stdin [51ms]
2024-12-12 11:00:29.631 [info] > git check-ignore -v -z --stdin [33ms]
2024-12-12 11:00:29.631 [info] > git check-ignore -v -z --stdin [18ms]
2024-12-12 11:00:29.631 [info] > git check-ignore -v -z --stdin [9ms]
2024-12-12 11:00:29.632 [info] > git check-ignore -v -z --stdin [3ms]
2024-12-12 13:17:10.315 [info] > git check-ignore -v -z --stdin [2ms]
2024-12-12 13:17:11.496 [info] > git check-ignore -v -z --stdin [5ms]
2024-12-12 13:17:12.888 [info] > git check-ignore -v -z --stdin [4ms]
2024-12-12 13:17:14.627 [info] > git show --textconv :inventories/hosts [21ms]
2024-12-12 13:17:14.631 [info] > git ls-files --stage -- /home/sysadmin/work/AnsibleMCZR/inventories/hosts [6ms]
2024-12-12 13:17:14.647 [info] > git cat-file -s 6f8c5db1d3e3edbf155bc2282e4154f286fadf05 [2ms]
2024-12-12 13:20:33.652 [info] > git config --get commit.template [8ms]
2024-12-12 13:20:33.653 [info] > git for-each-ref --format=%(refname)%00%(upstream:short)%00%(objectname)%00%(upstream:track)%00%(upstream:remotename)%00%(upstream:remoteref) refs/heads/main refs/remotes/main [2ms]
2024-12-12 13:20:33.667 [info] > git for-each-ref --sort -committerdate --format %(refname) %(objectname) %(*objectname) [2ms]
2024-12-12 13:20:35.919 [info] > git status -z -uall [2260ms]
2024-12-12 13:24:50.342 [info] > git config --get commit.template [19ms]
2024-12-12 13:24:50.346 [info] > git for-each-ref --format=%(refname)%00%(upstream:short)%00%(objectname)%00%(upstream:track)%00%(upstream:remotename)%00%(upstream:remoteref) refs/heads/main refs/remotes/main [5ms]
2024-12-12 13:24:50.383 [info] > git for-each-ref --sort -committerdate --format %(refname) %(objectname) %(*objectname) [5ms]
2024-12-12 13:24:52.718 [info] > git status -z -uall [2356ms]
2024-12-12 13:25:41.182 [info] > git config --get commit.template [18ms]
2024-12-12 13:25:41.186 [info] > git for-each-ref --format=%(refname)%00%(upstream:short)%00%(objectname)%00%(upstream:track)%00%(upstream:remotename)%00%(upstream:remoteref) refs/heads/main refs/remotes/main [5ms]
2024-12-12 13:25:41.223 [info] > git for-each-ref --sort -committerdate --format %(refname) %(objectname) %(*objectname) [4ms]
2024-12-12 13:25:43.280 [info] > git status -z -uall [2076ms]
2024-12-12 13:27:41.660 [info] > git config --get commit.template [19ms]
2024-12-12 13:27:41.664 [info] > git for-each-ref --format=%(refname)%00%(upstream:short)%00%(objectname)%00%(upstream:track)%00%(upstream:remotename)%00%(upstream:remoteref) refs/heads/main refs/remotes/main [6ms]
2024-12-12 13:27:41.691 [info] > git for-each-ref --sort -committerdate --format %(refname) %(objectname) %(*objectname) [2ms]
2024-12-12 13:27:43.553 [info] > git status -z -uall [1874ms]
2024-12-12 13:28:10.673 [info] > git config --get commit.template [4ms]
2024-12-12 13:28:10.674 [info] > git for-each-ref --format=%(refname)%00%(upstream:short)%00%(objectname)%00%(upstream:track)%00%(upstream:remotename)%00%(upstream:remoteref) refs/heads/main refs/remotes/main [1ms]
2024-12-12 13:28:10.685 [info] > git for-each-ref --sort -committerdate --format %(refname) %(objectname) %(*objectname) [1ms]
2024-12-12 13:28:11.857 [info] > git status -z -uall [1178ms]
2024-12-12 14:00:55.971 [info] > git config --get commit.template [4ms]
2024-12-12 14:00:55.972 [info] > git for-each-ref --format=%(refname)%00%(upstream:short)%00%(objectname)%00%(upstream:track)%00%(upstream:remotename)%00%(upstream:remoteref) refs/heads/main refs/remotes/main [1ms]
2024-12-12 14:00:55.982 [info] > git for-each-ref --sort -committerdate --format %(refname) %(objectname) %(*objectname) [1ms]
2024-12-12 14:00:55.987 [info] > git status -z -uall [11ms]
2024-12-12 14:00:56.076 [info] > git ls-files --stage -- /home/sysadmin/work/AnsibleMCZR/inventories/hosts [5ms]
2024-12-12 14:00:56.093 [info] > git cat-file -s 6f8c5db1d3e3edbf155bc2282e4154f286fadf05 [5ms]
2024-12-12 14:00:56.104 [info] > git show --textconv :inventories/hosts [2ms]
2024-12-12 14:01:09.311 [info] > git config --get commit.template [17ms]
2024-12-12 14:01:09.314 [info] > git for-each-ref --format=%(refname)%00%(upstream:short)%00%(objectname)%00%(upstream:track)%00%(upstream:remotename)%00%(upstream:remoteref) refs/heads/main refs/remotes/main [5ms]
2024-12-12 14:01:09.353 [info] > git for-each-ref --sort -committerdate --format %(refname) %(objectname) %(*objectname) [7ms]
2024-12-12 14:01:09.374 [info] > git status -z -uall [44ms]
2024-12-12 14:01:09.396 [info] > git ls-files --stage -- /home/sysadmin/work/AnsibleMCZR/inventories/hosts [2ms]
2024-12-12 14:01:09.404 [info] > git cat-file -s 8ff45d329238612b3fbdc0e4dd1721c443f14109 [1ms]
2024-12-12 14:01:09.413 [info] > git show --textconv :inventories/hosts [2ms]
2024-12-12 14:02:01.861 [info] > git config --get commit.template [4ms]
2024-12-12 14:02:01.862 [info] > git for-each-ref --format=%(refname)%00%(upstream:short)%00%(objectname)%00%(upstream:track)%00%(upstream:remotename)%00%(upstream:remoteref) refs/heads/main refs/remotes/main [1ms]
2024-12-12 14:02:01.874 [info] > git for-each-ref --sort -committerdate --format %(refname) %(objectname) %(*objectname) [2ms]
2024-12-12 14:02:01.878 [info] > git status -z -uall [10ms]
2024-12-12 14:02:01.887 [info] > git merge-base refs/heads/main refs/remotes/origin/main [2ms]
2024-12-12 14:02:01.895 [info] > git diff --name-status -z --diff-filter=ADMR bb80f7b5cd36f9f22609216b050e0e3e0210f081...refs/remotes/origin/main [2ms]
2024-12-12 14:02:01.953 [info] > git ls-files --stage -- /home/sysadmin/work/AnsibleMCZR/inventories/hosts [1ms]
2024-12-12 14:02:01.959 [info] > git cat-file -s 8ff45d329238612b3fbdc0e4dd1721c443f14109 [2ms]
2024-12-12 14:02:01.965 [info] > git show --textconv :inventories/hosts [1ms]
2024-12-12 14:02:06.480 [info] > git ls-files --stage -- /home/sysadmin/work/AnsibleMCZR/inventories/hosts [1ms]
2024-12-12 14:02:06.485 [info] > git cat-file -s 8ff45d329238612b3fbdc0e4dd1721c443f14109 [2ms]
2024-12-12 14:02:06.492 [info] > git show --textconv :inventories/hosts [2ms]
2024-12-12 14:02:06.925 [info] > git config --get commit.template [19ms]
2024-12-12 14:02:06.928 [info] > git for-each-ref --format=%(refname)%00%(upstream:short)%00%(objectname)%00%(upstream:track)%00%(upstream:remotename)%00%(upstream:remoteref) refs/heads/main refs/remotes/main [5ms]
2024-12-12 14:02:06.948 [info] > git for-each-ref --sort -committerdate --format %(refname) %(objectname) %(*objectname) [2ms]
2024-12-12 14:02:06.953 [info] > git status -z -uall [15ms]
2024-12-12 14:02:06.962 [info] > git merge-base refs/heads/main refs/remotes/origin/main [2ms]
2024-12-12 14:02:06.968 [info] > git diff --name-status -z --diff-filter=ADMR bc1e5a2e5bb8ff3026c64dec5fc0384241a6b2ce...refs/remotes/origin/main [2ms]
2024-12-13 09:41:05.756 [info] > git check-ignore -v -z --stdin [4ms]
2024-12-13 09:41:09.623 [info] > git show --textconv :scripts/disk_space_monitor.sh [16ms]
2024-12-13 09:41:09.625 [info] > git ls-files --stage -- /home/sysadmin/work/AnsibleMCZR/scripts/disk_space_monitor.sh [3ms]
2024-12-13 09:41:09.640 [info] > git cat-file -s 0a114a7a0429cd1f87b4f96151b6133de310f87c [4ms]
