2024-12-30 13:40:24.119 [info] Extension host with pid 170377 started
2024-12-30 13:40:24.158 [info] ExtensionService#_doActivateExtension vscode.git-base, startup: true, activationEvent: '*'
2024-12-30 13:40:24.230 [info] ExtensionService#_doActivateExtension vscode.github, startup: true, activationEvent: '*'
2024-12-30 13:40:24.263 [info] Eager extensions activated
2024-12-30 13:40:24.265 [info] ExtensionService#_doActivateExtension vscode.debug-auto-launch, startup: false, activationEvent: 'onStartupFinished'
2024-12-30 13:40:24.267 [info] ExtensionService#_doActivateExtension vscode.merge-conflict, startup: false, activationEvent: 'onStartupFinished'
2024-12-30 13:40:24.283 [info] ExtensionService#_doActivateExtension Catppuccin.catppuccin-vsc, startup: false, activationEvent: 'onStartupFinished'
2024-12-30 13:40:24.287 [info] ExtensionService#_doActivateExtension vscodevim.vim, startup: false, activationEvent: 'onStartupFinished'
2024-12-30 13:40:45.310 [info] Extension host terminating: renderer closed the MessagePort
2024-12-30 13:40:45.314 [info] Extension host with pid 170377 exiting with code 0
2024-12-30 13:40:46.124 [info] Extension host with pid 170478 started
2024-12-30 13:40:46.124 [info] Skipping acquiring lock for /home/sysadmin/.config/VSCodium/User/workspaceStorage/1218f3aa678ad24b8cac9523f6097552.
2024-12-30 13:40:46.275 [info] ExtensionService#_doActivateExtension vscode.emmet, startup: false, activationEvent: 'onLanguage'
2024-12-30 13:40:46.388 [info] ExtensionService#_doActivateExtension vscode.git-base, startup: true, activationEvent: '*', root cause: vscode.git
2024-12-30 13:40:46.390 [info] ExtensionService#_doActivateExtension kamikillerto.vscode-colorize, startup: true, activationEvent: '*'
2024-12-30 13:40:46.411 [info] ExtensionService#_doActivateExtension vscode.git, startup: true, activationEvent: '*'
2024-12-30 13:40:46.511 [info] ExtensionService#_doActivateExtension vscode.github, startup: true, activationEvent: '*'
2024-12-30 13:40:46.616 [info] Eager extensions activated
2024-12-30 13:40:46.772 [info] ExtensionService#_doActivateExtension vscode.debug-auto-launch, startup: false, activationEvent: 'onStartupFinished'
2024-12-30 13:40:46.773 [info] ExtensionService#_doActivateExtension vscode.merge-conflict, startup: false, activationEvent: 'onStartupFinished'
2024-12-30 13:40:46.792 [info] ExtensionService#_doActivateExtension bierner.color-info, startup: false, activationEvent: 'onStartupFinished'
2024-12-30 13:40:46.799 [info] ExtensionService#_doActivateExtension Catppuccin.catppuccin-vsc, startup: false, activationEvent: 'onStartupFinished'
2024-12-30 13:40:46.806 [info] ExtensionService#_doActivateExtension vscodevim.vim, startup: false, activationEvent: 'onStartupFinished'
2024-12-30 13:40:48.056 [info] ExtensionService#_doActivateExtension vscode.github-authentication, startup: false, activationEvent: 'onAuthenticationRequest:github'
2024-12-30 13:41:48.524 [info] Extension host terminating: renderer closed the MessagePort
2024-12-30 13:41:48.538 [error] Canceled: Canceled
	at new t3 (file:///usr/share/codium/resources/app/out/vs/workbench/api/node/extensionHostProcess.js:31:116229)
	at py._remoteCall (file:///usr/share/codium/resources/app/out/vs/workbench/api/node/extensionHostProcess.js:31:122523)
	at s.<computed>.n.charCodeAt.s.<computed> (file:///usr/share/codium/resources/app/out/vs/workbench/api/node/extensionHostProcess.js:31:119282)
	at J_._doExecuteCommand (file:///usr/share/codium/resources/app/out/vs/workbench/api/node/extensionHostProcess.js:114:38451)
	at J_.executeCommand (file:///usr/share/codium/resources/app/out/vs/workbench/api/node/extensionHostProcess.js:114:37890)
	at r.registerCommand.description (file:///usr/share/codium/resources/app/out/vs/workbench/api/node/extensionHostProcess.js:114:37154)
	at J_._executeContributedCommand (file:///usr/share/codium/resources/app/out/vs/workbench/api/node/extensionHostProcess.js:114:39020)
	at J_._doExecuteCommand (file:///usr/share/codium/resources/app/out/vs/workbench/api/node/extensionHostProcess.js:114:38023)
	at J_.executeCommand (file:///usr/share/codium/resources/app/out/vs/workbench/api/node/extensionHostProcess.js:114:37890)
	at Object.executeCommand (file:///usr/share/codium/resources/app/out/vs/workbench/api/node/extensionHostProcess.js:156:42153)
	at mh.O [as value] (/usr/share/codium/resources/app/extensions/git/dist/main.js:2:961905)
	at I._deliver (file:///usr/share/codium/resources/app/out/vs/workbench/api/node/extensionHostProcess.js:29:922)
	at I._deliverQueue (file:///usr/share/codium/resources/app/out/vs/workbench/api/node/extensionHostProcess.js:29:1013)
	at I.fire (file:///usr/share/codium/resources/app/out/vs/workbench/api/node/extensionHostProcess.js:29:1349)
	at Object.p [as dispose] (/usr/share/codium/resources/app/extensions/git/dist/main.js:2:983393)
	at /usr/share/codium/resources/app/extensions/git/dist/main.js:2:989515
	at Array.forEach (<anonymous>)
	at b.dispose (/usr/share/codium/resources/app/extensions/git/dist/main.js:2:989501)
	at jv.<anonymous> (file:///usr/share/codium/resources/app/out/vs/workbench/api/node/extensionHostProcess.js:108:21455)
	at jv.dispose (file:///usr/share/codium/resources/app/out/vs/workbench/api/node/extensionHostProcess.js:108:21551)
	at jv.<anonymous> (/usr/share/codium/resources/app/extensions/git/dist/main.js:2:964315)
	at jv.dispose (file:///usr/share/codium/resources/app/out/vs/workbench/api/node/extensionHostProcess.js:108:21551)
	at li (file:///usr/share/codium/resources/app/out/vs/workbench/api/node/extensionHostProcess.js:24:699)
	at file:///usr/share/codium/resources/app/out/vs/workbench/api/node/extensionHostProcess.js:118:18392
	at file:///usr/share/codium/resources/app/out/vs/workbench/api/node/extensionHostProcess.js:24:1009
	at Object.dispose (file:///usr/share/codium/resources/app/out/vs/workbench/api/node/extensionHostProcess.js:7:2296)
	at VB._deactivate (file:///usr/share/codium/resources/app/out/vs/workbench/api/node/extensionHostProcess.js:118:14727)
	at file:///usr/share/codium/resources/app/out/vs/workbench/api/node/extensionHostProcess.js:118:12013
	at Array.map (<anonymous>)
	at VB._deactivateAll (file:///usr/share/codium/resources/app/out/vs/workbench/api/node/extensionHostProcess.js:118:12001)
	at VB.terminate (file:///usr/share/codium/resources/app/out/vs/workbench/api/node/extensionHostProcess.js:118:12354)
	at bT.terminate (file:///usr/share/codium/resources/app/out/vs/workbench/api/node/extensionHostProcess.js:119:1592)
	at Ki (file:///usr/share/codium/resources/app/out/vs/workbench/api/node/extensionHostProcess.js:174:16286)
	at MessagePortMain.<anonymous> (file:///usr/share/codium/resources/app/out/vs/workbench/api/node/extensionHostProcess.js:174:12742)
	at MessagePortMain.emit (node:events:519:28)
	at MessagePortMain._internalPort.emit (node:electron/js2c/utility_init:2:2949) setContext undefined
2024-12-30 13:41:48.538 [error] Canceled: Canceled
	at new t3 (file:///usr/share/codium/resources/app/out/vs/workbench/api/node/extensionHostProcess.js:31:116229)
	at py._remoteCall (file:///usr/share/codium/resources/app/out/vs/workbench/api/node/extensionHostProcess.js:31:122523)
	at s.<computed>.n.charCodeAt.s.<computed> (file:///usr/share/codium/resources/app/out/vs/workbench/api/node/extensionHostProcess.js:31:119282)
	at J_._doExecuteCommand (file:///usr/share/codium/resources/app/out/vs/workbench/api/node/extensionHostProcess.js:114:38451)
	at J_.executeCommand (file:///usr/share/codium/resources/app/out/vs/workbench/api/node/extensionHostProcess.js:114:37890)
	at r.registerCommand.description (file:///usr/share/codium/resources/app/out/vs/workbench/api/node/extensionHostProcess.js:114:37154)
	at J_._executeContributedCommand (file:///usr/share/codium/resources/app/out/vs/workbench/api/node/extensionHostProcess.js:114:39020)
	at J_._doExecuteCommand (file:///usr/share/codium/resources/app/out/vs/workbench/api/node/extensionHostProcess.js:114:38023)
	at J_.executeCommand (file:///usr/share/codium/resources/app/out/vs/workbench/api/node/extensionHostProcess.js:114:37890)
	at Object.executeCommand (file:///usr/share/codium/resources/app/out/vs/workbench/api/node/extensionHostProcess.js:156:42153)
	at mh.O [as value] (/usr/share/codium/resources/app/extensions/git/dist/main.js:2:961905)
	at I._deliver (file:///usr/share/codium/resources/app/out/vs/workbench/api/node/extensionHostProcess.js:29:922)
	at I._deliverQueue (file:///usr/share/codium/resources/app/out/vs/workbench/api/node/extensionHostProcess.js:29:1013)
	at I.fire (file:///usr/share/codium/resources/app/out/vs/workbench/api/node/extensionHostProcess.js:29:1349)
	at Object.p [as dispose] (/usr/share/codium/resources/app/extensions/git/dist/main.js:2:983393)
	at /usr/share/codium/resources/app/extensions/git/dist/main.js:2:989515
	at Array.forEach (<anonymous>)
	at b.dispose (/usr/share/codium/resources/app/extensions/git/dist/main.js:2:989501)
	at jv.<anonymous> (file:///usr/share/codium/resources/app/out/vs/workbench/api/node/extensionHostProcess.js:108:21455)
	at jv.dispose (file:///usr/share/codium/resources/app/out/vs/workbench/api/node/extensionHostProcess.js:108:21551)
	at jv.<anonymous> (/usr/share/codium/resources/app/extensions/git/dist/main.js:2:964315)
	at jv.dispose (file:///usr/share/codium/resources/app/out/vs/workbench/api/node/extensionHostProcess.js:108:21551)
	at li (file:///usr/share/codium/resources/app/out/vs/workbench/api/node/extensionHostProcess.js:24:699)
	at file:///usr/share/codium/resources/app/out/vs/workbench/api/node/extensionHostProcess.js:118:18392
	at file:///usr/share/codium/resources/app/out/vs/workbench/api/node/extensionHostProcess.js:24:1009
	at Object.dispose (file:///usr/share/codium/resources/app/out/vs/workbench/api/node/extensionHostProcess.js:7:2296)
	at VB._deactivate (file:///usr/share/codium/resources/app/out/vs/workbench/api/node/extensionHostProcess.js:118:14727)
	at file:///usr/share/codium/resources/app/out/vs/workbench/api/node/extensionHostProcess.js:118:12013
	at Array.map (<anonymous>)
	at VB._deactivateAll (file:///usr/share/codium/resources/app/out/vs/workbench/api/node/extensionHostProcess.js:118:12001)
	at VB.terminate (file:///usr/share/codium/resources/app/out/vs/workbench/api/node/extensionHostProcess.js:118:12354)
	at bT.terminate (file:///usr/share/codium/resources/app/out/vs/workbench/api/node/extensionHostProcess.js:119:1592)
	at Ki (file:///usr/share/codium/resources/app/out/vs/workbench/api/node/extensionHostProcess.js:174:16286)
	at MessagePortMain.<anonymous> (file:///usr/share/codium/resources/app/out/vs/workbench/api/node/extensionHostProcess.js:174:12742)
	at MessagePortMain.emit (node:events:519:28)
	at MessagePortMain._internalPort.emit (node:electron/js2c/utility_init:2:2949) setContext undefined
2024-12-30 13:41:48.538 [error] Canceled: Canceled
	at new t3 (file:///usr/share/codium/resources/app/out/vs/workbench/api/node/extensionHostProcess.js:31:116229)
	at py._remoteCall (file:///usr/share/codium/resources/app/out/vs/workbench/api/node/extensionHostProcess.js:31:122523)
	at s.<computed>.n.charCodeAt.s.<computed> (file:///usr/share/codium/resources/app/out/vs/workbench/api/node/extensionHostProcess.js:31:119282)
	at J_._doExecuteCommand (file:///usr/share/codium/resources/app/out/vs/workbench/api/node/extensionHostProcess.js:114:38451)
	at J_.executeCommand (file:///usr/share/codium/resources/app/out/vs/workbench/api/node/extensionHostProcess.js:114:37890)
	at r.registerCommand.description (file:///usr/share/codium/resources/app/out/vs/workbench/api/node/extensionHostProcess.js:114:37154)
	at J_._executeContributedCommand (file:///usr/share/codium/resources/app/out/vs/workbench/api/node/extensionHostProcess.js:114:39020)
	at J_._doExecuteCommand (file:///usr/share/codium/resources/app/out/vs/workbench/api/node/extensionHostProcess.js:114:38023)
	at J_.executeCommand (file:///usr/share/codium/resources/app/out/vs/workbench/api/node/extensionHostProcess.js:114:37890)
	at Object.executeCommand (file:///usr/share/codium/resources/app/out/vs/workbench/api/node/extensionHostProcess.js:156:42153)
	at mh.O [as value] (/usr/share/codium/resources/app/extensions/git/dist/main.js:2:961905)
	at I._deliver (file:///usr/share/codium/resources/app/out/vs/workbench/api/node/extensionHostProcess.js:29:922)
	at I._deliverQueue (file:///usr/share/codium/resources/app/out/vs/workbench/api/node/extensionHostProcess.js:29:1013)
	at I.fire (file:///usr/share/codium/resources/app/out/vs/workbench/api/node/extensionHostProcess.js:29:1349)
	at Object.p [as dispose] (/usr/share/codium/resources/app/extensions/git/dist/main.js:2:983393)
	at /usr/share/codium/resources/app/extensions/git/dist/main.js:2:989515
	at Array.forEach (<anonymous>)
	at b.dispose (/usr/share/codium/resources/app/extensions/git/dist/main.js:2:989501)
	at jv.<anonymous> (file:///usr/share/codium/resources/app/out/vs/workbench/api/node/extensionHostProcess.js:108:21455)
	at jv.dispose (file:///usr/share/codium/resources/app/out/vs/workbench/api/node/extensionHostProcess.js:108:21551)
	at jv.<anonymous> (/usr/share/codium/resources/app/extensions/git/dist/main.js:2:964315)
	at jv.dispose (file:///usr/share/codium/resources/app/out/vs/workbench/api/node/extensionHostProcess.js:108:21551)
	at li (file:///usr/share/codium/resources/app/out/vs/workbench/api/node/extensionHostProcess.js:24:699)
	at file:///usr/share/codium/resources/app/out/vs/workbench/api/node/extensionHostProcess.js:118:18392
	at file:///usr/share/codium/resources/app/out/vs/workbench/api/node/extensionHostProcess.js:24:1009
	at Object.dispose (file:///usr/share/codium/resources/app/out/vs/workbench/api/node/extensionHostProcess.js:7:2296)
	at VB._deactivate (file:///usr/share/codium/resources/app/out/vs/workbench/api/node/extensionHostProcess.js:118:14727)
	at file:///usr/share/codium/resources/app/out/vs/workbench/api/node/extensionHostProcess.js:118:12013
	at Array.map (<anonymous>)
	at VB._deactivateAll (file:///usr/share/codium/resources/app/out/vs/workbench/api/node/extensionHostProcess.js:118:12001)
	at VB.terminate (file:///usr/share/codium/resources/app/out/vs/workbench/api/node/extensionHostProcess.js:118:12354)
	at bT.terminate (file:///usr/share/codium/resources/app/out/vs/workbench/api/node/extensionHostProcess.js:119:1592)
	at Ki (file:///usr/share/codium/resources/app/out/vs/workbench/api/node/extensionHostProcess.js:174:16286)
	at MessagePortMain.<anonymous> (file:///usr/share/codium/resources/app/out/vs/workbench/api/node/extensionHostProcess.js:174:12742)
	at MessagePortMain.emit (node:events:519:28)
	at MessagePortMain._internalPort.emit (node:electron/js2c/utility_init:2:2949) setContext undefined
2024-12-30 13:41:48.538 [error] Canceled: Canceled
	at new t3 (file:///usr/share/codium/resources/app/out/vs/workbench/api/node/extensionHostProcess.js:31:116229)
	at py._remoteCall (file:///usr/share/codium/resources/app/out/vs/workbench/api/node/extensionHostProcess.js:31:122523)
	at s.<computed>.n.charCodeAt.s.<computed> (file:///usr/share/codium/resources/app/out/vs/workbench/api/node/extensionHostProcess.js:31:119282)
	at J_._doExecuteCommand (file:///usr/share/codium/resources/app/out/vs/workbench/api/node/extensionHostProcess.js:114:38451)
	at J_.executeCommand (file:///usr/share/codium/resources/app/out/vs/workbench/api/node/extensionHostProcess.js:114:37890)
	at r.registerCommand.description (file:///usr/share/codium/resources/app/out/vs/workbench/api/node/extensionHostProcess.js:114:37154)
	at J_._executeContributedCommand (file:///usr/share/codium/resources/app/out/vs/workbench/api/node/extensionHostProcess.js:114:39020)
	at J_._doExecuteCommand (file:///usr/share/codium/resources/app/out/vs/workbench/api/node/extensionHostProcess.js:114:38023)
	at J_.executeCommand (file:///usr/share/codium/resources/app/out/vs/workbench/api/node/extensionHostProcess.js:114:37890)
	at Object.executeCommand (file:///usr/share/codium/resources/app/out/vs/workbench/api/node/extensionHostProcess.js:156:42153)
	at mh.O [as value] (/usr/share/codium/resources/app/extensions/git/dist/main.js:2:961905)
	at I._deliver (file:///usr/share/codium/resources/app/out/vs/workbench/api/node/extensionHostProcess.js:29:922)
	at I._deliverQueue (file:///usr/share/codium/resources/app/out/vs/workbench/api/node/extensionHostProcess.js:29:1013)
	at I.fire (file:///usr/share/codium/resources/app/out/vs/workbench/api/node/extensionHostProcess.js:29:1349)
	at Object.p [as dispose] (/usr/share/codium/resources/app/extensions/git/dist/main.js:2:983393)
	at /usr/share/codium/resources/app/extensions/git/dist/main.js:2:989515
	at Array.forEach (<anonymous>)
	at b.dispose (/usr/share/codium/resources/app/extensions/git/dist/main.js:2:989501)
	at jv.<anonymous> (file:///usr/share/codium/resources/app/out/vs/workbench/api/node/extensionHostProcess.js:108:21455)
	at jv.dispose (file:///usr/share/codium/resources/app/out/vs/workbench/api/node/extensionHostProcess.js:108:21551)
	at jv.<anonymous> (/usr/share/codium/resources/app/extensions/git/dist/main.js:2:964315)
	at jv.dispose (file:///usr/share/codium/resources/app/out/vs/workbench/api/node/extensionHostProcess.js:108:21551)
	at li (file:///usr/share/codium/resources/app/out/vs/workbench/api/node/extensionHostProcess.js:24:699)
	at file:///usr/share/codium/resources/app/out/vs/workbench/api/node/extensionHostProcess.js:118:18392
	at file:///usr/share/codium/resources/app/out/vs/workbench/api/node/extensionHostProcess.js:24:1009
	at Object.dispose (file:///usr/share/codium/resources/app/out/vs/workbench/api/node/extensionHostProcess.js:7:2296)
	at VB._deactivate (file:///usr/share/codium/resources/app/out/vs/workbench/api/node/extensionHostProcess.js:118:14727)
	at file:///usr/share/codium/resources/app/out/vs/workbench/api/node/extensionHostProcess.js:118:12013
	at Array.map (<anonymous>)
	at VB._deactivateAll (file:///usr/share/codium/resources/app/out/vs/workbench/api/node/extensionHostProcess.js:118:12001)
	at VB.terminate (file:///usr/share/codium/resources/app/out/vs/workbench/api/node/extensionHostProcess.js:118:12354)
	at bT.terminate (file:///usr/share/codium/resources/app/out/vs/workbench/api/node/extensionHostProcess.js:119:1592)
	at Ki (file:///usr/share/codium/resources/app/out/vs/workbench/api/node/extensionHostProcess.js:174:16286)
	at MessagePortMain.<anonymous> (file:///usr/share/codium/resources/app/out/vs/workbench/api/node/extensionHostProcess.js:174:12742)
	at MessagePortMain.emit (node:events:519:28)
	at MessagePortMain._internalPort.emit (node:electron/js2c/utility_init:2:2949) setContext undefined
2024-12-30 13:41:48.539 [error] Canceled: Canceled
	at new t3 (file:///usr/share/codium/resources/app/out/vs/workbench/api/node/extensionHostProcess.js:31:116229)
	at py._remoteCall (file:///usr/share/codium/resources/app/out/vs/workbench/api/node/extensionHostProcess.js:31:122523)
	at s.<computed>.n.charCodeAt.s.<computed> (file:///usr/share/codium/resources/app/out/vs/workbench/api/node/extensionHostProcess.js:31:119282)
	at J_._doExecuteCommand (file:///usr/share/codium/resources/app/out/vs/workbench/api/node/extensionHostProcess.js:114:38451)
	at J_.executeCommand (file:///usr/share/codium/resources/app/out/vs/workbench/api/node/extensionHostProcess.js:114:37890)
	at r.registerCommand.description (file:///usr/share/codium/resources/app/out/vs/workbench/api/node/extensionHostProcess.js:114:37154)
	at J_._executeContributedCommand (file:///usr/share/codium/resources/app/out/vs/workbench/api/node/extensionHostProcess.js:114:39020)
	at J_._doExecuteCommand (file:///usr/share/codium/resources/app/out/vs/workbench/api/node/extensionHostProcess.js:114:38023)
	at J_.executeCommand (file:///usr/share/codium/resources/app/out/vs/workbench/api/node/extensionHostProcess.js:114:37890)
	at Object.executeCommand (file:///usr/share/codium/resources/app/out/vs/workbench/api/node/extensionHostProcess.js:156:42153)
	at mh.O [as value] (/usr/share/codium/resources/app/extensions/git/dist/main.js:2:961905)
	at I._deliver (file:///usr/share/codium/resources/app/out/vs/workbench/api/node/extensionHostProcess.js:29:922)
	at I._deliverQueue (file:///usr/share/codium/resources/app/out/vs/workbench/api/node/extensionHostProcess.js:29:1013)
	at I.fire (file:///usr/share/codium/resources/app/out/vs/workbench/api/node/extensionHostProcess.js:29:1349)
	at Object.p [as dispose] (/usr/share/codium/resources/app/extensions/git/dist/main.js:2:983393)
	at /usr/share/codium/resources/app/extensions/git/dist/main.js:2:989515
	at Array.forEach (<anonymous>)
	at b.dispose (/usr/share/codium/resources/app/extensions/git/dist/main.js:2:989501)
	at jv.<anonymous> (file:///usr/share/codium/resources/app/out/vs/workbench/api/node/extensionHostProcess.js:108:21455)
	at jv.dispose (file:///usr/share/codium/resources/app/out/vs/workbench/api/node/extensionHostProcess.js:108:21551)
	at jv.<anonymous> (/usr/share/codium/resources/app/extensions/git/dist/main.js:2:964315)
	at jv.dispose (file:///usr/share/codium/resources/app/out/vs/workbench/api/node/extensionHostProcess.js:108:21551)
	at li (file:///usr/share/codium/resources/app/out/vs/workbench/api/node/extensionHostProcess.js:24:699)
	at file:///usr/share/codium/resources/app/out/vs/workbench/api/node/extensionHostProcess.js:118:18392
	at file:///usr/share/codium/resources/app/out/vs/workbench/api/node/extensionHostProcess.js:24:1009
	at Object.dispose (file:///usr/share/codium/resources/app/out/vs/workbench/api/node/extensionHostProcess.js:7:2296)
	at VB._deactivate (file:///usr/share/codium/resources/app/out/vs/workbench/api/node/extensionHostProcess.js:118:14727)
	at file:///usr/share/codium/resources/app/out/vs/workbench/api/node/extensionHostProcess.js:118:12013
	at Array.map (<anonymous>)
	at VB._deactivateAll (file:///usr/share/codium/resources/app/out/vs/workbench/api/node/extensionHostProcess.js:118:12001)
	at VB.terminate (file:///usr/share/codium/resources/app/out/vs/workbench/api/node/extensionHostProcess.js:118:12354)
	at bT.terminate (file:///usr/share/codium/resources/app/out/vs/workbench/api/node/extensionHostProcess.js:119:1592)
	at Ki (file:///usr/share/codium/resources/app/out/vs/workbench/api/node/extensionHostProcess.js:174:16286)
	at MessagePortMain.<anonymous> (file:///usr/share/codium/resources/app/out/vs/workbench/api/node/extensionHostProcess.js:174:12742)
	at MessagePortMain.emit (node:events:519:28)
	at MessagePortMain._internalPort.emit (node:electron/js2c/utility_init:2:2949) setContext undefined
2024-12-30 13:41:48.539 [error] Canceled: Canceled
	at new t3 (file:///usr/share/codium/resources/app/out/vs/workbench/api/node/extensionHostProcess.js:31:116229)
	at py._remoteCall (file:///usr/share/codium/resources/app/out/vs/workbench/api/node/extensionHostProcess.js:31:122523)
	at s.<computed>.n.charCodeAt.s.<computed> (file:///usr/share/codium/resources/app/out/vs/workbench/api/node/extensionHostProcess.js:31:119282)
	at J_._doExecuteCommand (file:///usr/share/codium/resources/app/out/vs/workbench/api/node/extensionHostProcess.js:114:38451)
	at J_.executeCommand (file:///usr/share/codium/resources/app/out/vs/workbench/api/node/extensionHostProcess.js:114:37890)
	at r.registerCommand.description (file:///usr/share/codium/resources/app/out/vs/workbench/api/node/extensionHostProcess.js:114:37154)
	at J_._executeContributedCommand (file:///usr/share/codium/resources/app/out/vs/workbench/api/node/extensionHostProcess.js:114:39020)
	at J_._doExecuteCommand (file:///usr/share/codium/resources/app/out/vs/workbench/api/node/extensionHostProcess.js:114:38023)
	at J_.executeCommand (file:///usr/share/codium/resources/app/out/vs/workbench/api/node/extensionHostProcess.js:114:37890)
	at Object.executeCommand (file:///usr/share/codium/resources/app/out/vs/workbench/api/node/extensionHostProcess.js:156:42153)
	at mh.O [as value] (/usr/share/codium/resources/app/extensions/git/dist/main.js:2:961905)
	at I._deliver (file:///usr/share/codium/resources/app/out/vs/workbench/api/node/extensionHostProcess.js:29:922)
	at I._deliverQueue (file:///usr/share/codium/resources/app/out/vs/workbench/api/node/extensionHostProcess.js:29:1013)
	at I.fire (file:///usr/share/codium/resources/app/out/vs/workbench/api/node/extensionHostProcess.js:29:1349)
	at Object.p [as dispose] (/usr/share/codium/resources/app/extensions/git/dist/main.js:2:983393)
	at /usr/share/codium/resources/app/extensions/git/dist/main.js:2:989515
	at Array.forEach (<anonymous>)
	at b.dispose (/usr/share/codium/resources/app/extensions/git/dist/main.js:2:989501)
	at jv.<anonymous> (file:///usr/share/codium/resources/app/out/vs/workbench/api/node/extensionHostProcess.js:108:21455)
	at jv.dispose (file:///usr/share/codium/resources/app/out/vs/workbench/api/node/extensionHostProcess.js:108:21551)
	at jv.<anonymous> (/usr/share/codium/resources/app/extensions/git/dist/main.js:2:964315)
	at jv.dispose (file:///usr/share/codium/resources/app/out/vs/workbench/api/node/extensionHostProcess.js:108:21551)
	at li (file:///usr/share/codium/resources/app/out/vs/workbench/api/node/extensionHostProcess.js:24:699)
	at file:///usr/share/codium/resources/app/out/vs/workbench/api/node/extensionHostProcess.js:118:18392
	at file:///usr/share/codium/resources/app/out/vs/workbench/api/node/extensionHostProcess.js:24:1009
	at Object.dispose (file:///usr/share/codium/resources/app/out/vs/workbench/api/node/extensionHostProcess.js:7:2296)
	at VB._deactivate (file:///usr/share/codium/resources/app/out/vs/workbench/api/node/extensionHostProcess.js:118:14727)
	at file:///usr/share/codium/resources/app/out/vs/workbench/api/node/extensionHostProcess.js:118:12013
	at Array.map (<anonymous>)
	at VB._deactivateAll (file:///usr/share/codium/resources/app/out/vs/workbench/api/node/extensionHostProcess.js:118:12001)
	at VB.terminate (file:///usr/share/codium/resources/app/out/vs/workbench/api/node/extensionHostProcess.js:118:12354)
	at bT.terminate (file:///usr/share/codium/resources/app/out/vs/workbench/api/node/extensionHostProcess.js:119:1592)
	at Ki (file:///usr/share/codium/resources/app/out/vs/workbench/api/node/extensionHostProcess.js:174:16286)
	at MessagePortMain.<anonymous> (file:///usr/share/codium/resources/app/out/vs/workbench/api/node/extensionHostProcess.js:174:12742)
	at MessagePortMain.emit (node:events:519:28)
	at MessagePortMain._internalPort.emit (node:electron/js2c/utility_init:2:2949) setContext undefined
2024-12-30 13:41:48.539 [error] Canceled: Canceled
	at new t3 (file:///usr/share/codium/resources/app/out/vs/workbench/api/node/extensionHostProcess.js:31:116229)
	at py._remoteCall (file:///usr/share/codium/resources/app/out/vs/workbench/api/node/extensionHostProcess.js:31:122523)
	at s.<computed>.n.charCodeAt.s.<computed> (file:///usr/share/codium/resources/app/out/vs/workbench/api/node/extensionHostProcess.js:31:119282)
	at J_._doExecuteCommand (file:///usr/share/codium/resources/app/out/vs/workbench/api/node/extensionHostProcess.js:114:38451)
	at J_.executeCommand (file:///usr/share/codium/resources/app/out/vs/workbench/api/node/extensionHostProcess.js:114:37890)
	at r.registerCommand.description (file:///usr/share/codium/resources/app/out/vs/workbench/api/node/extensionHostProcess.js:114:37154)
	at J_._executeContributedCommand (file:///usr/share/codium/resources/app/out/vs/workbench/api/node/extensionHostProcess.js:114:39020)
	at J_._doExecuteCommand (file:///usr/share/codium/resources/app/out/vs/workbench/api/node/extensionHostProcess.js:114:38023)
	at J_.executeCommand (file:///usr/share/codium/resources/app/out/vs/workbench/api/node/extensionHostProcess.js:114:37890)
	at Object.executeCommand (file:///usr/share/codium/resources/app/out/vs/workbench/api/node/extensionHostProcess.js:156:42153)
	at mh.O [as value] (/usr/share/codium/resources/app/extensions/git/dist/main.js:2:961905)
	at I._deliver (file:///usr/share/codium/resources/app/out/vs/workbench/api/node/extensionHostProcess.js:29:922)
	at I._deliverQueue (file:///usr/share/codium/resources/app/out/vs/workbench/api/node/extensionHostProcess.js:29:1013)
	at I.fire (file:///usr/share/codium/resources/app/out/vs/workbench/api/node/extensionHostProcess.js:29:1349)
	at Object.p [as dispose] (/usr/share/codium/resources/app/extensions/git/dist/main.js:2:983393)
	at /usr/share/codium/resources/app/extensions/git/dist/main.js:2:989515
	at Array.forEach (<anonymous>)
	at b.dispose (/usr/share/codium/resources/app/extensions/git/dist/main.js:2:989501)
	at jv.<anonymous> (file:///usr/share/codium/resources/app/out/vs/workbench/api/node/extensionHostProcess.js:108:21455)
	at jv.dispose (file:///usr/share/codium/resources/app/out/vs/workbench/api/node/extensionHostProcess.js:108:21551)
	at jv.<anonymous> (/usr/share/codium/resources/app/extensions/git/dist/main.js:2:964315)
	at jv.dispose (file:///usr/share/codium/resources/app/out/vs/workbench/api/node/extensionHostProcess.js:108:21551)
	at li (file:///usr/share/codium/resources/app/out/vs/workbench/api/node/extensionHostProcess.js:24:699)
	at file:///usr/share/codium/resources/app/out/vs/workbench/api/node/extensionHostProcess.js:118:18392
	at file:///usr/share/codium/resources/app/out/vs/workbench/api/node/extensionHostProcess.js:24:1009
	at Object.dispose (file:///usr/share/codium/resources/app/out/vs/workbench/api/node/extensionHostProcess.js:7:2296)
	at VB._deactivate (file:///usr/share/codium/resources/app/out/vs/workbench/api/node/extensionHostProcess.js:118:14727)
	at file:///usr/share/codium/resources/app/out/vs/workbench/api/node/extensionHostProcess.js:118:12013
	at Array.map (<anonymous>)
	at VB._deactivateAll (file:///usr/share/codium/resources/app/out/vs/workbench/api/node/extensionHostProcess.js:118:12001)
	at VB.terminate (file:///usr/share/codium/resources/app/out/vs/workbench/api/node/extensionHostProcess.js:118:12354)
	at bT.terminate (file:///usr/share/codium/resources/app/out/vs/workbench/api/node/extensionHostProcess.js:119:1592)
	at Ki (file:///usr/share/codium/resources/app/out/vs/workbench/api/node/extensionHostProcess.js:174:16286)
	at MessagePortMain.<anonymous> (file:///usr/share/codium/resources/app/out/vs/workbench/api/node/extensionHostProcess.js:174:12742)
	at MessagePortMain.emit (node:events:519:28)
	at MessagePortMain._internalPort.emit (node:electron/js2c/utility_init:2:2949) setContext undefined
2024-12-30 13:41:48.539 [error] Canceled: Canceled
	at new t3 (file:///usr/share/codium/resources/app/out/vs/workbench/api/node/extensionHostProcess.js:31:116229)
	at py._remoteCall (file:///usr/share/codium/resources/app/out/vs/workbench/api/node/extensionHostProcess.js:31:122523)
	at s.<computed>.n.charCodeAt.s.<computed> (file:///usr/share/codium/resources/app/out/vs/workbench/api/node/extensionHostProcess.js:31:119282)
	at J_._doExecuteCommand (file:///usr/share/codium/resources/app/out/vs/workbench/api/node/extensionHostProcess.js:114:38451)
	at J_.executeCommand (file:///usr/share/codium/resources/app/out/vs/workbench/api/node/extensionHostProcess.js:114:37890)
	at r.registerCommand.description (file:///usr/share/codium/resources/app/out/vs/workbench/api/node/extensionHostProcess.js:114:37154)
	at J_._executeContributedCommand (file:///usr/share/codium/resources/app/out/vs/workbench/api/node/extensionHostProcess.js:114:39020)
	at J_._doExecuteCommand (file:///usr/share/codium/resources/app/out/vs/workbench/api/node/extensionHostProcess.js:114:38023)
	at J_.executeCommand (file:///usr/share/codium/resources/app/out/vs/workbench/api/node/extensionHostProcess.js:114:37890)
	at Object.executeCommand (file:///usr/share/codium/resources/app/out/vs/workbench/api/node/extensionHostProcess.js:156:42153)
	at mh.O [as value] (/usr/share/codium/resources/app/extensions/git/dist/main.js:2:961905)
	at I._deliver (file:///usr/share/codium/resources/app/out/vs/workbench/api/node/extensionHostProcess.js:29:922)
	at I._deliverQueue (file:///usr/share/codium/resources/app/out/vs/workbench/api/node/extensionHostProcess.js:29:1013)
	at I.fire (file:///usr/share/codium/resources/app/out/vs/workbench/api/node/extensionHostProcess.js:29:1349)
	at Object.p [as dispose] (/usr/share/codium/resources/app/extensions/git/dist/main.js:2:983393)
	at /usr/share/codium/resources/app/extensions/git/dist/main.js:2:989515
	at Array.forEach (<anonymous>)
	at b.dispose (/usr/share/codium/resources/app/extensions/git/dist/main.js:2:989501)
	at jv.<anonymous> (file:///usr/share/codium/resources/app/out/vs/workbench/api/node/extensionHostProcess.js:108:21455)
	at jv.dispose (file:///usr/share/codium/resources/app/out/vs/workbench/api/node/extensionHostProcess.js:108:21551)
	at jv.<anonymous> (/usr/share/codium/resources/app/extensions/git/dist/main.js:2:964315)
	at jv.dispose (file:///usr/share/codium/resources/app/out/vs/workbench/api/node/extensionHostProcess.js:108:21551)
	at li (file:///usr/share/codium/resources/app/out/vs/workbench/api/node/extensionHostProcess.js:24:699)
	at file:///usr/share/codium/resources/app/out/vs/workbench/api/node/extensionHostProcess.js:118:18392
	at file:///usr/share/codium/resources/app/out/vs/workbench/api/node/extensionHostProcess.js:24:1009
	at Object.dispose (file:///usr/share/codium/resources/app/out/vs/workbench/api/node/extensionHostProcess.js:7:2296)
	at VB._deactivate (file:///usr/share/codium/resources/app/out/vs/workbench/api/node/extensionHostProcess.js:118:14727)
	at file:///usr/share/codium/resources/app/out/vs/workbench/api/node/extensionHostProcess.js:118:12013
	at Array.map (<anonymous>)
	at VB._deactivateAll (file:///usr/share/codium/resources/app/out/vs/workbench/api/node/extensionHostProcess.js:118:12001)
	at VB.terminate (file:///usr/share/codium/resources/app/out/vs/workbench/api/node/extensionHostProcess.js:118:12354)
	at bT.terminate (file:///usr/share/codium/resources/app/out/vs/workbench/api/node/extensionHostProcess.js:119:1592)
	at Ki (file:///usr/share/codium/resources/app/out/vs/workbench/api/node/extensionHostProcess.js:174:16286)
	at MessagePortMain.<anonymous> (file:///usr/share/codium/resources/app/out/vs/workbench/api/node/extensionHostProcess.js:174:12742)
	at MessagePortMain.emit (node:events:519:28)
	at MessagePortMain._internalPort.emit (node:electron/js2c/utility_init:2:2949) setContext undefined
2024-12-30 13:41:48.539 [error] Canceled: Canceled
	at new t3 (file:///usr/share/codium/resources/app/out/vs/workbench/api/node/extensionHostProcess.js:31:116229)
	at py._remoteCall (file:///usr/share/codium/resources/app/out/vs/workbench/api/node/extensionHostProcess.js:31:122523)
	at s.<computed>.n.charCodeAt.s.<computed> (file:///usr/share/codium/resources/app/out/vs/workbench/api/node/extensionHostProcess.js:31:119282)
	at J_._doExecuteCommand (file:///usr/share/codium/resources/app/out/vs/workbench/api/node/extensionHostProcess.js:114:38451)
	at J_.executeCommand (file:///usr/share/codium/resources/app/out/vs/workbench/api/node/extensionHostProcess.js:114:37890)
	at r.registerCommand.description (file:///usr/share/codium/resources/app/out/vs/workbench/api/node/extensionHostProcess.js:114:37154)
	at J_._executeContributedCommand (file:///usr/share/codium/resources/app/out/vs/workbench/api/node/extensionHostProcess.js:114:39020)
	at J_._doExecuteCommand (file:///usr/share/codium/resources/app/out/vs/workbench/api/node/extensionHostProcess.js:114:38023)
	at J_.executeCommand (file:///usr/share/codium/resources/app/out/vs/workbench/api/node/extensionHostProcess.js:114:37890)
	at Object.executeCommand (file:///usr/share/codium/resources/app/out/vs/workbench/api/node/extensionHostProcess.js:156:42153)
	at mh.O [as value] (/usr/share/codium/resources/app/extensions/git/dist/main.js:2:961905)
	at I._deliver (file:///usr/share/codium/resources/app/out/vs/workbench/api/node/extensionHostProcess.js:29:922)
	at I._deliverQueue (file:///usr/share/codium/resources/app/out/vs/workbench/api/node/extensionHostProcess.js:29:1013)
	at I.fire (file:///usr/share/codium/resources/app/out/vs/workbench/api/node/extensionHostProcess.js:29:1349)
	at Object.p [as dispose] (/usr/share/codium/resources/app/extensions/git/dist/main.js:2:983393)
	at /usr/share/codium/resources/app/extensions/git/dist/main.js:2:989515
	at Array.forEach (<anonymous>)
	at b.dispose (/usr/share/codium/resources/app/extensions/git/dist/main.js:2:989501)
	at jv.<anonymous> (file:///usr/share/codium/resources/app/out/vs/workbench/api/node/extensionHostProcess.js:108:21455)
	at jv.dispose (file:///usr/share/codium/resources/app/out/vs/workbench/api/node/extensionHostProcess.js:108:21551)
	at jv.<anonymous> (/usr/share/codium/resources/app/extensions/git/dist/main.js:2:964315)
	at jv.dispose (file:///usr/share/codium/resources/app/out/vs/workbench/api/node/extensionHostProcess.js:108:21551)
	at li (file:///usr/share/codium/resources/app/out/vs/workbench/api/node/extensionHostProcess.js:24:699)
	at file:///usr/share/codium/resources/app/out/vs/workbench/api/node/extensionHostProcess.js:118:18392
	at file:///usr/share/codium/resources/app/out/vs/workbench/api/node/extensionHostProcess.js:24:1009
	at Object.dispose (file:///usr/share/codium/resources/app/out/vs/workbench/api/node/extensionHostProcess.js:7:2296)
	at VB._deactivate (file:///usr/share/codium/resources/app/out/vs/workbench/api/node/extensionHostProcess.js:118:14727)
	at file:///usr/share/codium/resources/app/out/vs/workbench/api/node/extensionHostProcess.js:118:12013
	at Array.map (<anonymous>)
	at VB._deactivateAll (file:///usr/share/codium/resources/app/out/vs/workbench/api/node/extensionHostProcess.js:118:12001)
	at VB.terminate (file:///usr/share/codium/resources/app/out/vs/workbench/api/node/extensionHostProcess.js:118:12354)
	at bT.terminate (file:///usr/share/codium/resources/app/out/vs/workbench/api/node/extensionHostProcess.js:119:1592)
	at Ki (file:///usr/share/codium/resources/app/out/vs/workbench/api/node/extensionHostProcess.js:174:16286)
	at MessagePortMain.<anonymous> (file:///usr/share/codium/resources/app/out/vs/workbench/api/node/extensionHostProcess.js:174:12742)
	at MessagePortMain.emit (node:events:519:28)
	at MessagePortMain._internalPort.emit (node:electron/js2c/utility_init:2:2949) setContext undefined
2024-12-30 13:41:48.539 [error] Canceled: Canceled
	at new t3 (file:///usr/share/codium/resources/app/out/vs/workbench/api/node/extensionHostProcess.js:31:116229)
	at py._remoteCall (file:///usr/share/codium/resources/app/out/vs/workbench/api/node/extensionHostProcess.js:31:122523)
	at s.<computed>.n.charCodeAt.s.<computed> (file:///usr/share/codium/resources/app/out/vs/workbench/api/node/extensionHostProcess.js:31:119282)
	at J_._doExecuteCommand (file:///usr/share/codium/resources/app/out/vs/workbench/api/node/extensionHostProcess.js:114:38451)
	at J_.executeCommand (file:///usr/share/codium/resources/app/out/vs/workbench/api/node/extensionHostProcess.js:114:37890)
	at r.registerCommand.description (file:///usr/share/codium/resources/app/out/vs/workbench/api/node/extensionHostProcess.js:114:37154)
	at J_._executeContributedCommand (file:///usr/share/codium/resources/app/out/vs/workbench/api/node/extensionHostProcess.js:114:39020)
	at J_._doExecuteCommand (file:///usr/share/codium/resources/app/out/vs/workbench/api/node/extensionHostProcess.js:114:38023)
	at J_.executeCommand (file:///usr/share/codium/resources/app/out/vs/workbench/api/node/extensionHostProcess.js:114:37890)
	at Object.executeCommand (file:///usr/share/codium/resources/app/out/vs/workbench/api/node/extensionHostProcess.js:156:42153)
	at mh.O [as value] (/usr/share/codium/resources/app/extensions/git/dist/main.js:2:961905)
	at I._deliver (file:///usr/share/codium/resources/app/out/vs/workbench/api/node/extensionHostProcess.js:29:922)
	at I._deliverQueue (file:///usr/share/codium/resources/app/out/vs/workbench/api/node/extensionHostProcess.js:29:1013)
	at I.fire (file:///usr/share/codium/resources/app/out/vs/workbench/api/node/extensionHostProcess.js:29:1349)
	at Object.p [as dispose] (/usr/share/codium/resources/app/extensions/git/dist/main.js:2:983393)
	at /usr/share/codium/resources/app/extensions/git/dist/main.js:2:989515
	at Array.forEach (<anonymous>)
	at b.dispose (/usr/share/codium/resources/app/extensions/git/dist/main.js:2:989501)
	at jv.<anonymous> (file:///usr/share/codium/resources/app/out/vs/workbench/api/node/extensionHostProcess.js:108:21455)
	at jv.dispose (file:///usr/share/codium/resources/app/out/vs/workbench/api/node/extensionHostProcess.js:108:21551)
	at jv.<anonymous> (/usr/share/codium/resources/app/extensions/git/dist/main.js:2:964315)
	at jv.dispose (file:///usr/share/codium/resources/app/out/vs/workbench/api/node/extensionHostProcess.js:108:21551)
	at li (file:///usr/share/codium/resources/app/out/vs/workbench/api/node/extensionHostProcess.js:24:699)
	at file:///usr/share/codium/resources/app/out/vs/workbench/api/node/extensionHostProcess.js:118:18392
	at file:///usr/share/codium/resources/app/out/vs/workbench/api/node/extensionHostProcess.js:24:1009
	at Object.dispose (file:///usr/share/codium/resources/app/out/vs/workbench/api/node/extensionHostProcess.js:7:2296)
	at VB._deactivate (file:///usr/share/codium/resources/app/out/vs/workbench/api/node/extensionHostProcess.js:118:14727)
	at file:///usr/share/codium/resources/app/out/vs/workbench/api/node/extensionHostProcess.js:118:12013
	at Array.map (<anonymous>)
	at VB._deactivateAll (file:///usr/share/codium/resources/app/out/vs/workbench/api/node/extensionHostProcess.js:118:12001)
	at VB.terminate (file:///usr/share/codium/resources/app/out/vs/workbench/api/node/extensionHostProcess.js:118:12354)
	at bT.terminate (file:///usr/share/codium/resources/app/out/vs/workbench/api/node/extensionHostProcess.js:119:1592)
	at Ki (file:///usr/share/codium/resources/app/out/vs/workbench/api/node/extensionHostProcess.js:174:16286)
	at MessagePortMain.<anonymous> (file:///usr/share/codium/resources/app/out/vs/workbench/api/node/extensionHostProcess.js:174:12742)
	at MessagePortMain.emit (node:events:519:28)
	at MessagePortMain._internalPort.emit (node:electron/js2c/utility_init:2:2949) setContext undefined
2024-12-30 13:41:48.539 [error] Canceled: Canceled
	at new t3 (file:///usr/share/codium/resources/app/out/vs/workbench/api/node/extensionHostProcess.js:31:116229)
	at py._remoteCall (file:///usr/share/codium/resources/app/out/vs/workbench/api/node/extensionHostProcess.js:31:122523)
	at s.<computed>.n.charCodeAt.s.<computed> (file:///usr/share/codium/resources/app/out/vs/workbench/api/node/extensionHostProcess.js:31:119282)
	at J_._doExecuteCommand (file:///usr/share/codium/resources/app/out/vs/workbench/api/node/extensionHostProcess.js:114:38451)
	at J_.executeCommand (file:///usr/share/codium/resources/app/out/vs/workbench/api/node/extensionHostProcess.js:114:37890)
	at r.registerCommand.description (file:///usr/share/codium/resources/app/out/vs/workbench/api/node/extensionHostProcess.js:114:37154)
	at J_._executeContributedCommand (file:///usr/share/codium/resources/app/out/vs/workbench/api/node/extensionHostProcess.js:114:39020)
	at J_._doExecuteCommand (file:///usr/share/codium/resources/app/out/vs/workbench/api/node/extensionHostProcess.js:114:38023)
	at J_.executeCommand (file:///usr/share/codium/resources/app/out/vs/workbench/api/node/extensionHostProcess.js:114:37890)
	at Object.executeCommand (file:///usr/share/codium/resources/app/out/vs/workbench/api/node/extensionHostProcess.js:156:42153)
	at mh.O [as value] (/usr/share/codium/resources/app/extensions/git/dist/main.js:2:961905)
	at I._deliver (file:///usr/share/codium/resources/app/out/vs/workbench/api/node/extensionHostProcess.js:29:922)
	at I._deliverQueue (file:///usr/share/codium/resources/app/out/vs/workbench/api/node/extensionHostProcess.js:29:1013)
	at I.fire (file:///usr/share/codium/resources/app/out/vs/workbench/api/node/extensionHostProcess.js:29:1349)
	at Object.p [as dispose] (/usr/share/codium/resources/app/extensions/git/dist/main.js:2:983393)
	at /usr/share/codium/resources/app/extensions/git/dist/main.js:2:989515
	at Array.forEach (<anonymous>)
	at b.dispose (/usr/share/codium/resources/app/extensions/git/dist/main.js:2:989501)
	at jv.<anonymous> (file:///usr/share/codium/resources/app/out/vs/workbench/api/node/extensionHostProcess.js:108:21455)
	at jv.dispose (file:///usr/share/codium/resources/app/out/vs/workbench/api/node/extensionHostProcess.js:108:21551)
	at jv.<anonymous> (/usr/share/codium/resources/app/extensions/git/dist/main.js:2:964315)
	at jv.dispose (file:///usr/share/codium/resources/app/out/vs/workbench/api/node/extensionHostProcess.js:108:21551)
	at li (file:///usr/share/codium/resources/app/out/vs/workbench/api/node/extensionHostProcess.js:24:699)
	at file:///usr/share/codium/resources/app/out/vs/workbench/api/node/extensionHostProcess.js:118:18392
	at file:///usr/share/codium/resources/app/out/vs/workbench/api/node/extensionHostProcess.js:24:1009
	at Object.dispose (file:///usr/share/codium/resources/app/out/vs/workbench/api/node/extensionHostProcess.js:7:2296)
	at VB._deactivate (file:///usr/share/codium/resources/app/out/vs/workbench/api/node/extensionHostProcess.js:118:14727)
	at file:///usr/share/codium/resources/app/out/vs/workbench/api/node/extensionHostProcess.js:118:12013
	at Array.map (<anonymous>)
	at VB._deactivateAll (file:///usr/share/codium/resources/app/out/vs/workbench/api/node/extensionHostProcess.js:118:12001)
	at VB.terminate (file:///usr/share/codium/resources/app/out/vs/workbench/api/node/extensionHostProcess.js:118:12354)
	at bT.terminate (file:///usr/share/codium/resources/app/out/vs/workbench/api/node/extensionHostProcess.js:119:1592)
	at Ki (file:///usr/share/codium/resources/app/out/vs/workbench/api/node/extensionHostProcess.js:174:16286)
	at MessagePortMain.<anonymous> (file:///usr/share/codium/resources/app/out/vs/workbench/api/node/extensionHostProcess.js:174:12742)
	at MessagePortMain.emit (node:events:519:28)
	at MessagePortMain._internalPort.emit (node:electron/js2c/utility_init:2:2949) setContext undefined
2024-12-30 13:41:48.539 [error] Canceled: Canceled
	at new t3 (file:///usr/share/codium/resources/app/out/vs/workbench/api/node/extensionHostProcess.js:31:116229)
	at py._remoteCall (file:///usr/share/codium/resources/app/out/vs/workbench/api/node/extensionHostProcess.js:31:122523)
	at s.<computed>.n.charCodeAt.s.<computed> (file:///usr/share/codium/resources/app/out/vs/workbench/api/node/extensionHostProcess.js:31:119282)
	at J_._doExecuteCommand (file:///usr/share/codium/resources/app/out/vs/workbench/api/node/extensionHostProcess.js:114:38451)
	at J_.executeCommand (file:///usr/share/codium/resources/app/out/vs/workbench/api/node/extensionHostProcess.js:114:37890)
	at r.registerCommand.description (file:///usr/share/codium/resources/app/out/vs/workbench/api/node/extensionHostProcess.js:114:37154)
	at J_._executeContributedCommand (file:///usr/share/codium/resources/app/out/vs/workbench/api/node/extensionHostProcess.js:114:39020)
	at J_._doExecuteCommand (file:///usr/share/codium/resources/app/out/vs/workbench/api/node/extensionHostProcess.js:114:38023)
	at J_.executeCommand (file:///usr/share/codium/resources/app/out/vs/workbench/api/node/extensionHostProcess.js:114:37890)
	at Object.executeCommand (file:///usr/share/codium/resources/app/out/vs/workbench/api/node/extensionHostProcess.js:156:42153)
	at mh.O [as value] (/usr/share/codium/resources/app/extensions/git/dist/main.js:2:961905)
	at I._deliver (file:///usr/share/codium/resources/app/out/vs/workbench/api/node/extensionHostProcess.js:29:922)
	at I._deliverQueue (file:///usr/share/codium/resources/app/out/vs/workbench/api/node/extensionHostProcess.js:29:1013)
	at I.fire (file:///usr/share/codium/resources/app/out/vs/workbench/api/node/extensionHostProcess.js:29:1349)
	at Object.p [as dispose] (/usr/share/codium/resources/app/extensions/git/dist/main.js:2:983393)
	at /usr/share/codium/resources/app/extensions/git/dist/main.js:2:989515
	at Array.forEach (<anonymous>)
	at b.dispose (/usr/share/codium/resources/app/extensions/git/dist/main.js:2:989501)
	at jv.<anonymous> (file:///usr/share/codium/resources/app/out/vs/workbench/api/node/extensionHostProcess.js:108:21455)
	at jv.dispose (file:///usr/share/codium/resources/app/out/vs/workbench/api/node/extensionHostProcess.js:108:21551)
	at jv.<anonymous> (/usr/share/codium/resources/app/extensions/git/dist/main.js:2:964315)
	at jv.dispose (file:///usr/share/codium/resources/app/out/vs/workbench/api/node/extensionHostProcess.js:108:21551)
	at li (file:///usr/share/codium/resources/app/out/vs/workbench/api/node/extensionHostProcess.js:24:699)
	at file:///usr/share/codium/resources/app/out/vs/workbench/api/node/extensionHostProcess.js:118:18392
	at file:///usr/share/codium/resources/app/out/vs/workbench/api/node/extensionHostProcess.js:24:1009
	at Object.dispose (file:///usr/share/codium/resources/app/out/vs/workbench/api/node/extensionHostProcess.js:7:2296)
	at VB._deactivate (file:///usr/share/codium/resources/app/out/vs/workbench/api/node/extensionHostProcess.js:118:14727)
	at file:///usr/share/codium/resources/app/out/vs/workbench/api/node/extensionHostProcess.js:118:12013
	at Array.map (<anonymous>)
	at VB._deactivateAll (file:///usr/share/codium/resources/app/out/vs/workbench/api/node/extensionHostProcess.js:118:12001)
	at VB.terminate (file:///usr/share/codium/resources/app/out/vs/workbench/api/node/extensionHostProcess.js:118:12354)
	at bT.terminate (file:///usr/share/codium/resources/app/out/vs/workbench/api/node/extensionHostProcess.js:119:1592)
	at Ki (file:///usr/share/codium/resources/app/out/vs/workbench/api/node/extensionHostProcess.js:174:16286)
	at MessagePortMain.<anonymous> (file:///usr/share/codium/resources/app/out/vs/workbench/api/node/extensionHostProcess.js:174:12742)
	at MessagePortMain.emit (node:events:519:28)
	at MessagePortMain._internalPort.emit (node:electron/js2c/utility_init:2:2949) setContext undefined
2024-12-30 13:41:48.540 [error] Canceled: Canceled
	at new t3 (file:///usr/share/codium/resources/app/out/vs/workbench/api/node/extensionHostProcess.js:31:116229)
	at py._remoteCall (file:///usr/share/codium/resources/app/out/vs/workbench/api/node/extensionHostProcess.js:31:122523)
	at s.<computed>.n.charCodeAt.s.<computed> (file:///usr/share/codium/resources/app/out/vs/workbench/api/node/extensionHostProcess.js:31:119282)
	at J_._doExecuteCommand (file:///usr/share/codium/resources/app/out/vs/workbench/api/node/extensionHostProcess.js:114:38451)
	at J_.executeCommand (file:///usr/share/codium/resources/app/out/vs/workbench/api/node/extensionHostProcess.js:114:37890)
	at r.registerCommand.description (file:///usr/share/codium/resources/app/out/vs/workbench/api/node/extensionHostProcess.js:114:37154)
	at J_._executeContributedCommand (file:///usr/share/codium/resources/app/out/vs/workbench/api/node/extensionHostProcess.js:114:39020)
	at J_._doExecuteCommand (file:///usr/share/codium/resources/app/out/vs/workbench/api/node/extensionHostProcess.js:114:38023)
	at J_.executeCommand (file:///usr/share/codium/resources/app/out/vs/workbench/api/node/extensionHostProcess.js:114:37890)
	at Object.executeCommand (file:///usr/share/codium/resources/app/out/vs/workbench/api/node/extensionHostProcess.js:156:42153)
	at set hasGitHubRepositories (/usr/share/codium/resources/app/extensions/github/dist/extension.js:2:328582)
	at /usr/share/codium/resources/app/extensions/github/dist/extension.js:2:329541
	at mh.value (/usr/share/codium/resources/app/extensions/git/dist/main.js:2:1073996)
	at I._deliver (file:///usr/share/codium/resources/app/out/vs/workbench/api/node/extensionHostProcess.js:29:922)
	at I._deliverQueue (file:///usr/share/codium/resources/app/out/vs/workbench/api/node/extensionHostProcess.js:29:1013)
	at I.fire (file:///usr/share/codium/resources/app/out/vs/workbench/api/node/extensionHostProcess.js:29:1349)
	at Object.p [as dispose] (/usr/share/codium/resources/app/extensions/git/dist/main.js:2:983393)
	at /usr/share/codium/resources/app/extensions/git/dist/main.js:2:989515
	at Array.forEach (<anonymous>)
	at b.dispose (/usr/share/codium/resources/app/extensions/git/dist/main.js:2:989501)
	at jv.<anonymous> (file:///usr/share/codium/resources/app/out/vs/workbench/api/node/extensionHostProcess.js:108:21455)
	at jv.dispose (file:///usr/share/codium/resources/app/out/vs/workbench/api/node/extensionHostProcess.js:108:21551)
	at jv.<anonymous> (/usr/share/codium/resources/app/extensions/git/dist/main.js:2:964315)
	at jv.dispose (file:///usr/share/codium/resources/app/out/vs/workbench/api/node/extensionHostProcess.js:108:21551)
	at li (file:///usr/share/codium/resources/app/out/vs/workbench/api/node/extensionHostProcess.js:24:699)
	at file:///usr/share/codium/resources/app/out/vs/workbench/api/node/extensionHostProcess.js:118:18392
	at file:///usr/share/codium/resources/app/out/vs/workbench/api/node/extensionHostProcess.js:24:1009
	at Object.dispose (file:///usr/share/codium/resources/app/out/vs/workbench/api/node/extensionHostProcess.js:7:2296)
	at VB._deactivate (file:///usr/share/codium/resources/app/out/vs/workbench/api/node/extensionHostProcess.js:118:14727)
	at file:///usr/share/codium/resources/app/out/vs/workbench/api/node/extensionHostProcess.js:118:12013
	at Array.map (<anonymous>)
	at VB._deactivateAll (file:///usr/share/codium/resources/app/out/vs/workbench/api/node/extensionHostProcess.js:118:12001)
	at VB.terminate (file:///usr/share/codium/resources/app/out/vs/workbench/api/node/extensionHostProcess.js:118:12354)
	at bT.terminate (file:///usr/share/codium/resources/app/out/vs/workbench/api/node/extensionHostProcess.js:119:1592)
	at Ki (file:///usr/share/codium/resources/app/out/vs/workbench/api/node/extensionHostProcess.js:174:16286)
	at MessagePortMain.<anonymous> (file:///usr/share/codium/resources/app/out/vs/workbench/api/node/extensionHostProcess.js:174:12742)
	at MessagePortMain.emit (node:events:519:28)
	at MessagePortMain._internalPort.emit (node:electron/js2c/utility_init:2:2949) setContext undefined
2024-12-30 13:41:48.541 [info] Extension host with pid 170478 exiting with code 0
