2024-12-30 13:40:46.994 [info] [main] Log level: Info
2024-12-30 13:40:46.994 [info] [main] Validating found git in: "git"
2024-12-30 13:40:46.994 [info] [main] Using git "2.45.2" from "git"
2024-12-30 13:40:46.994 [info] [Model][doInitialScan] Initial repository scan started
2024-12-30 13:40:46.994 [info] > git rev-parse --show-toplevel [111ms]
2024-12-30 13:40:46.994 [info] fatal: not a git repository (or any parent up to mount point /)
Stopping at filesystem boundary (GIT_DISCOVERY_ACROSS_FILESYSTEM not set).
2024-12-30 13:40:46.994 [info] > git rev-parse --show-toplevel [47ms]
2024-12-30 13:40:46.994 [info] > git rev-parse --git-dir --git-common-dir [18ms]
2024-12-30 13:40:46.994 [info] [Model][openRepository] Opened repository: /home/sysadmin/work/AnsibleMCZR
2024-12-30 13:40:47.005 [info] > git config --get commit.template [6ms]
2024-12-30 13:40:47.006 [info] > git rev-parse --show-toplevel [2ms]
2024-12-30 13:40:47.006 [info] fatal: not a git repository (or any parent up to mount point /)
Stopping at filesystem boundary (GIT_DISCOVERY_ACROSS_FILESYSTEM not set).
2024-12-30 13:40:47.011 [info] > git for-each-ref --format=%(refname)%00%(upstream:short)%00%(objectname)%00%(upstream:track)%00%(upstream:remotename)%00%(upstream:remoteref) refs/heads/main refs/remotes/main [1ms]
2024-12-30 13:40:47.029 [info] > git for-each-ref --sort -committerdate --format %(refname) %(objectname) %(*objectname) [4ms]
2024-12-30 13:40:47.029 [info] > git rev-parse --show-toplevel [1ms]
2024-12-30 13:40:47.035 [info] > git rev-parse --git-dir --git-common-dir [1ms]
2024-12-30 13:40:47.039 [info] [Model][openRepository] Opened repository: /home/sysadmin/work/Auto-Deployment
2024-12-30 13:40:47.047 [info] > git status -z -uall [30ms]
2024-12-30 13:40:47.063 [info] > git for-each-ref --format=%(refname)%00%(upstream:short)%00%(objectname)%00%(upstream:track)%00%(upstream:remotename)%00%(upstream:remoteref) refs/heads/main refs/remotes/main [7ms]
2024-12-30 13:40:47.068 [info] > git rev-parse --show-toplevel [22ms]
2024-12-30 13:40:47.068 [info] fatal: not a git repository (or any parent up to mount point /)
Stopping at filesystem boundary (GIT_DISCOVERY_ACROSS_FILESYSTEM not set).
2024-12-30 13:40:47.069 [info] > git config --get commit.template [25ms]
2024-12-30 13:40:47.834 [info] > git config --local branch.main.vscode-merge-base [766ms]
2024-12-30 13:40:47.840 [info] > git config --get commit.template [777ms]
2024-12-30 13:40:47.864 [info] > git for-each-ref --format=%(refname)%00%(upstream:short)%00%(objectname)%00%(upstream:track)%00%(upstream:remotename)%00%(upstream:remoteref) refs/heads/origin/main refs/remotes/origin/main [24ms]
2024-12-30 13:40:47.870 [info] > git rev-parse --show-toplevel [35ms]
2024-12-30 13:40:47.885 [info] > git merge-base refs/heads/main refs/remotes/origin/main [17ms]
2024-12-30 13:40:47.891 [info] > git for-each-ref --format=%(refname)%00%(upstream:short)%00%(objectname)%00%(upstream:track)%00%(upstream:remotename)%00%(upstream:remoteref) refs/heads/main refs/remotes/main [28ms]
2024-12-30 13:40:47.893 [info] > git diff --name-status -z --diff-filter=ADMR bc1e5a2e5bb8ff3026c64dec5fc0384241a6b2ce...refs/remotes/origin/main [2ms]
2024-12-30 13:40:47.893 [info] > git rev-parse --git-dir --git-common-dir [9ms]
2024-12-30 13:40:47.896 [info] [Model][openRepository] Opened repository: /home/sysadmin/work/bookworm-scripts
2024-12-30 13:40:47.897 [info] > git for-each-ref --format=%(refname)%00%(upstream:short)%00%(objectname)%00%(upstream:track)%00%(upstream:remotename)%00%(upstream:remoteref) refs/heads/main refs/remotes/main [16ms]
2024-12-30 13:40:47.908 [info] > git config --get commit.template [6ms]
2024-12-30 13:40:47.922 [info] > git rev-parse --show-toplevel [15ms]
2024-12-30 13:40:47.938 [info] > git status -z -uall [24ms]
2024-12-30 13:40:47.939 [info] > git for-each-ref --sort -committerdate --format %(refname) %(objectname) %(*objectname) [19ms]
2024-12-30 13:40:47.950 [info] > git status -z -uall [21ms]
2024-12-30 13:40:47.951 [info] > git for-each-ref --format=%(refname)%00%(upstream:short)%00%(objectname)%00%(upstream:track)%00%(upstream:remotename)%00%(upstream:remoteref) refs/heads/main refs/remotes/main [7ms]
2024-12-30 13:40:47.956 [info] > git rev-parse --git-dir --git-common-dir [18ms]
2024-12-30 13:40:47.959 [info] [Model][openRepository] Opened repository: /home/sysadmin/work/dotconfigs
2024-12-30 13:40:47.959 [info] > git for-each-ref --sort -committerdate --format %(refname) %(objectname) %(*objectname) [26ms]
2024-12-30 13:40:47.961 [info] > git for-each-ref --format=%(refname)%00%(upstream:short)%00%(objectname)%00%(upstream:track)%00%(upstream:remotename)%00%(upstream:remoteref) refs/heads/main refs/remotes/main [35ms]
2024-12-30 13:40:47.974 [warning] [Git][revParse] Unable to read file: ENOENT: no such file or directory, open '/home/sysadmin/work/bookworm-scripts/.git/refs/remotes/origin/main'
2024-12-30 13:40:47.975 [info] > git config --local branch.main.vscode-merge-base [18ms]
2024-12-30 13:40:47.980 [info] > git config --get commit.template [30ms]
2024-12-30 13:40:47.982 [info] > git for-each-ref --format=%(refname)%00%(upstream:short)%00%(objectname)%00%(upstream:track)%00%(upstream:remotename)%00%(upstream:remoteref) refs/heads/origin/main refs/remotes/origin/main [2ms]
2024-12-30 13:40:47.989 [info] > git rev-parse refs/remotes/origin/main [15ms]
2024-12-30 13:40:47.997 [info] > git rev-parse --show-toplevel [27ms]
2024-12-30 13:40:47.997 [info] > git config --get commit.template [32ms]
2024-12-30 13:40:48.008 [info] > git status -z -uall [15ms]
2024-12-30 13:40:48.008 [info] > git for-each-ref --sort -committerdate --format %(refname) %(objectname) %(*objectname) [11ms]
2024-12-30 13:40:48.015 [info] > git merge-base refs/heads/main refs/remotes/origin/main [27ms]
2024-12-30 13:40:48.026 [info] > git for-each-ref --format=%(refname)%00%(upstream:short)%00%(objectname)%00%(upstream:track)%00%(upstream:remotename)%00%(upstream:remoteref) refs/heads/main refs/remotes/main [12ms]
2024-12-30 13:40:48.030 [info] > git rev-parse --git-dir --git-common-dir [22ms]
2024-12-30 13:40:48.033 [info] [Model][openRepository] Opened repository: /home/sysadmin/work/hugoNektarine
2024-12-30 13:40:48.033 [info] > git for-each-ref --format=%(refname)%00%(upstream:short)%00%(objectname)%00%(upstream:track)%00%(upstream:remotename)%00%(upstream:remoteref) refs/heads/main refs/remotes/main [29ms]
2024-12-30 13:40:48.043 [info] > git config --local branch.main.vscode-merge-base [13ms]
2024-12-30 13:40:48.048 [info] > git config --get commit.template [22ms]
2024-12-30 13:40:48.048 [info] > git for-each-ref --format=%(refname)%00%(upstream:short)%00%(objectname)%00%(upstream:track)%00%(upstream:remotename)%00%(upstream:remoteref) refs/heads/main refs/remotes/main [26ms]
2024-12-30 13:40:48.048 [info] > git diff --name-status -z --diff-filter=ADMR 4571530cad10b53a5a8da6ea9f217da064f7283c...refs/remotes/origin/main [29ms]
2024-12-30 13:40:48.050 [info] > git for-each-ref --format=%(refname)%00%(upstream:short)%00%(objectname)%00%(upstream:track)%00%(upstream:remotename)%00%(upstream:remoteref) refs/heads/origin/main refs/remotes/origin/main [2ms]
2024-12-30 13:40:48.055 [info] > git rev-parse --show-toplevel [13ms]
2024-12-30 13:40:48.055 [info] > git config --get commit.template [16ms]
2024-12-30 13:40:48.095 [info] > git merge-base refs/heads/main refs/remotes/origin/main [39ms]
2024-12-30 13:40:48.115 [info] > git status -z -uall [5ms]
2024-12-30 13:40:48.115 [info] > git diff --name-status -z --diff-filter=ADMR 6ddde2347ea37433986779bb63912280b350bd7e...refs/remotes/origin/main [17ms]
2024-12-30 13:40:48.115 [info] > git rev-parse --git-dir --git-common-dir [21ms]
2024-12-30 13:40:48.118 [info] [Model][openRepository] Opened repository: /home/sysadmin/work/lambda-v1
2024-12-30 13:40:48.118 [info] > git for-each-ref --format=%(refname)%00%(upstream:short)%00%(objectname)%00%(upstream:track)%00%(upstream:remotename)%00%(upstream:remoteref) refs/heads/main refs/remotes/main [28ms]
2024-12-30 13:40:48.139 [warning] [Git][revParse] Unable to read file: ENOENT: no such file or directory, open '/home/sysadmin/work/bookworm-scripts/.git/refs/remotes/origin/main'
2024-12-30 13:40:48.140 [info] > git status -z -uall [17ms]
2024-12-30 13:40:48.140 [info] > git for-each-ref --sort -committerdate --format %(refname) %(objectname) %(*objectname) [26ms]
2024-12-30 13:40:48.142 [info] > git for-each-ref --format=%(refname)%00%(upstream:short)%00%(objectname)%00%(upstream:track)%00%(upstream:remotename)%00%(upstream:remoteref) refs/heads/main refs/remotes/main [37ms]
2024-12-30 13:40:48.146 [info] > git rev-parse refs/remotes/origin/main [7ms]
2024-12-30 13:40:48.155 [info] > git rev-parse --show-toplevel [20ms]
2024-12-30 13:40:48.155 [info] > git config --get commit.template [23ms]
2024-12-30 13:40:48.155 [info] > git for-each-ref --sort -committerdate --format %(refname) %(objectname) %(*objectname) [27ms]
2024-12-30 13:40:48.178 [info] > git status -z -uall [28ms]
2024-12-30 13:40:48.178 [info] > git for-each-ref --format=%(refname)%00%(upstream:short)%00%(objectname)%00%(upstream:track)%00%(upstream:remotename)%00%(upstream:remoteref) refs/heads/main refs/remotes/main [14ms]
2024-12-30 13:40:48.184 [info] > git for-each-ref --sort -committerdate --format %(refname) %(objectname) %(*objectname) [29ms]
2024-12-30 13:40:48.192 [info] > git config --local branch.main.vscode-merge-base [8ms]
2024-12-30 13:40:48.192 [warning] [Git][config] git config failed: Failed to execute git
2024-12-30 13:40:48.197 [info] > git config --get commit.template [19ms]
2024-12-30 13:40:48.198 [info] > git rev-parse --git-dir --git-common-dir [25ms]
2024-12-30 13:40:48.200 [info] [Model][openRepository] Opened repository: /home/sysadmin/work/ly
2024-12-30 13:40:48.223 [info] > git reflog main --grep-reflog=branch: Created from *. [26ms]
2024-12-30 13:40:48.228 [info] > git for-each-ref --format=%(refname)%00%(upstream:short)%00%(objectname)%00%(upstream:track)%00%(upstream:remotename)%00%(upstream:remoteref) refs/heads/main refs/remotes/main [36ms]
2024-12-30 13:40:48.234 [info] > git symbolic-ref --short refs/remotes/origin/HEAD [7ms]
2024-12-30 13:40:48.234 [info] fatal: ref refs/remotes/origin/HEAD is not a symbolic ref
2024-12-30 13:40:48.234 [warning] [Repository][getDefaultBranch] Failed to get default branch details: Failed to execute git.
2024-12-30 13:40:48.241 [info] > git rev-parse --show-toplevel [19ms]
2024-12-30 13:40:48.241 [info] fatal: not a git repository (or any parent up to mount point /)
Stopping at filesystem boundary (GIT_DISCOVERY_ACROSS_FILESYSTEM not set).
2024-12-30 13:40:48.241 [info] > git config --get commit.template [25ms]
2024-12-30 13:40:48.241 [info] > git for-each-ref --sort -committerdate --format %(refname) %(objectname) %(*objectname) [30ms]
2024-12-30 13:40:48.248 [info] > git merge-base refs/heads/main refs/remotes/origin/main [8ms]
2024-12-30 13:40:48.253 [info] > git for-each-ref --format=%(refname)%00%(upstream:short)%00%(objectname)%00%(upstream:track)%00%(upstream:remotename)%00%(upstream:remoteref) refs/heads/main refs/remotes/main [20ms]
2024-12-30 13:40:48.260 [info] > git rev-parse --show-toplevel [12ms]
2024-12-30 13:40:48.288 [info] > git status -z -uall [12ms]
2024-12-30 13:40:48.288 [info] > git for-each-ref --format=%(refname)%00%(upstream:short)%00%(objectname)%00%(upstream:track)%00%(upstream:remotename)%00%(upstream:remoteref) refs/heads/master refs/remotes/master [29ms]
2024-12-30 13:40:48.289 [info] > git diff --name-status -z --diff-filter=ADMR 612b0384201fb5ebbca1a5c0691a645dad16fb24...refs/remotes/origin/main [36ms]
2024-12-30 13:40:48.296 [warning] [Git][revParse] Unable to read file: ENOENT: no such file or directory, open '/home/sysadmin/work/ly/.git/refs/remotes/origin/master'
2024-12-30 13:40:48.296 [info] > git rev-parse --git-dir --git-common-dir [8ms]
2024-12-30 13:40:48.300 [info] [Model][openRepository] Opened repository: /home/sysadmin/work/mycustomizer
2024-12-30 13:40:48.300 [info] > git for-each-ref --sort -committerdate --format %(refname) %(objectname) %(*objectname) [18ms]
2024-12-30 13:40:48.367 [info] > git status -z -uall [44ms]
2024-12-30 13:40:48.368 [info] > git for-each-ref --format=%(refname)%00%(upstream:short)%00%(objectname)%00%(upstream:track)%00%(upstream:remotename)%00%(upstream:remoteref) refs/heads/main refs/remotes/main [59ms]
2024-12-30 13:40:48.392 [info] > git rev-parse refs/remotes/origin/master [96ms]
2024-12-30 13:40:48.453 [info] > git status -z -uall [56ms]
2024-12-30 13:40:48.454 [info] > git for-each-ref --sort -committerdate --format %(refname) %(objectname) %(*objectname) [40ms]
2024-12-30 13:40:48.461 [info] > git config --local branch.main.vscode-merge-base [69ms]
2024-12-30 13:40:48.461 [warning] [Git][config] git config failed: Failed to execute git
2024-12-30 13:40:48.466 [info] > git config --get commit.template [98ms]
2024-12-30 13:40:48.466 [info] > git rev-parse --show-toplevel [106ms]
2024-12-30 13:40:48.466 [info] fatal: not a git repository (or any parent up to mount point /)
Stopping at filesystem boundary (GIT_DISCOVERY_ACROSS_FILESYSTEM not set).
2024-12-30 13:40:48.466 [info] > git config --get commit.template [124ms]
2024-12-30 13:40:48.466 [info] > git for-each-ref --sort -committerdate --format %(refname) %(objectname) %(*objectname) [131ms]
2024-12-30 13:40:48.513 [info] > git reflog main --grep-reflog=branch: Created from *. [48ms]
2024-12-30 13:40:48.517 [info] > git for-each-ref --format=%(refname)%00%(upstream:short)%00%(objectname)%00%(upstream:track)%00%(upstream:remotename)%00%(upstream:remoteref) refs/heads/master refs/remotes/master [57ms]
2024-12-30 13:40:48.543 [info] > git status -z -uall [337ms]
2024-12-30 13:40:48.543 [info] > git config --local branch.master.vscode-merge-base [21ms]
2024-12-30 13:40:48.548 [info] > git symbolic-ref --short refs/remotes/origin/HEAD [31ms]
2024-12-30 13:40:48.548 [info] fatal: ref refs/remotes/origin/HEAD is not a symbolic ref
2024-12-30 13:40:48.548 [warning] [Repository][getDefaultBranch] Failed to get default branch details: Failed to execute git.
2024-12-30 13:40:48.552 [info] > git rev-parse --show-toplevel [74ms]
2024-12-30 13:40:48.552 [info] > git config --get commit.template [77ms]
2024-12-30 13:40:48.564 [info] > git merge-base refs/heads/main refs/remotes/origin/main [13ms]
2024-12-30 13:40:48.568 [info] > git for-each-ref --format=%(refname)%00%(upstream:short)%00%(objectname)%00%(upstream:track)%00%(upstream:remotename)%00%(upstream:remoteref) refs/heads/origin/master refs/remotes/origin/master [21ms]
2024-12-30 13:40:48.574 [info] > git for-each-ref --format=%(refname)%00%(upstream:short)%00%(objectname)%00%(upstream:track)%00%(upstream:remotename)%00%(upstream:remoteref) refs/heads/main refs/remotes/main [41ms]
2024-12-30 13:40:48.574 [info] > git for-each-ref --format=%(refname)%00%(upstream:short)%00%(objectname)%00%(upstream:track)%00%(upstream:remotename)%00%(upstream:remoteref) refs/heads/qa-add-logging-and-error-catch refs/remotes/qa-add-logging-and-error-catch [46ms]
2024-12-30 13:40:48.602 [info] > git for-each-ref --format=%(refname)%00%(upstream:short)%00%(objectname)%00%(upstream:track)%00%(upstream:remotename)%00%(upstream:remoteref) refs/heads/main refs/remotes/main [22ms]
2024-12-30 13:40:48.608 [info] > git merge-base refs/heads/master refs/remotes/origin/master [34ms]
2024-12-30 13:40:48.613 [info] > git diff --name-status -z --diff-filter=ADMR 7a6a8ff556e3224ac3d7835572fec05eadad1753...refs/remotes/origin/main [45ms]
2024-12-30 13:40:48.613 [info] > git rev-parse --git-dir --git-common-dir [55ms]
2024-12-30 13:40:48.617 [info] [Model][openRepository] Opened repository: /home/sysadmin/work/pythonprojects
2024-12-30 13:40:48.669 [info] > git check-ignore -v -z --stdin [45ms]
2024-12-30 13:40:48.670 [info] > git check-ignore -v -z --stdin [40ms]
2024-12-30 13:40:48.671 [info] > git check-ignore -v -z --stdin [37ms]
2024-12-30 13:40:48.671 [info] > git check-ignore -v -z --stdin [32ms]
2024-12-30 13:40:48.671 [info] > git check-ignore -v -z --stdin [26ms]
2024-12-30 13:40:48.672 [info] > git diff --name-status -z --diff-filter=ADMR e125d8f1aa1544a6a106047c0acd7a7d2e0ff16c...refs/remotes/origin/master [59ms]
2024-12-30 13:40:48.672 [info] > git config --local branch.main.vscode-merge-base [64ms]
2024-12-30 13:40:48.672 [warning] [Git][config] git config failed: Failed to execute git
2024-12-30 13:40:48.677 [info] > git config --get commit.template [87ms]
2024-12-30 13:40:48.677 [info] > git for-each-ref --format=%(refname)%00%(upstream:short)%00%(objectname)%00%(upstream:track)%00%(upstream:remotename)%00%(upstream:remoteref) refs/heads/master refs/remotes/master [93ms]
2024-12-30 13:40:48.685 [warning] [Git][revParse] Unable to read file: ENOENT: no such file or directory, open '/home/sysadmin/work/ly/.git/refs/remotes/origin/master'
2024-12-30 13:40:48.691 [info] > git rev-parse --show-toplevel [35ms]
2024-12-30 13:40:48.692 [info] > git config --get commit.template [41ms]
2024-12-30 13:40:48.728 [info] > git status -z -uall [29ms]
2024-12-30 13:40:48.728 [info] > git rev-parse refs/remotes/origin/master [43ms]
2024-12-30 13:40:48.739 [info] > git reflog main --grep-reflog=branch: Created from *. [62ms]
2024-12-30 13:40:48.749 [info] > git status -z -uall [17ms]
2024-12-30 13:40:48.749 [info] > git for-each-ref --sort -committerdate --format %(refname) %(objectname) %(*objectname) [10ms]
2024-12-30 13:40:48.751 [info] > git rev-parse --git-dir --git-common-dir [24ms]
2024-12-30 13:40:48.755 [info] [Model][openRepository] Opened repository: /home/sysadmin/work/pythonprojects.old
2024-12-30 13:40:48.756 [info] > git for-each-ref --format=%(refname)%00%(upstream:short)%00%(objectname)%00%(upstream:track)%00%(upstream:remotename)%00%(upstream:remoteref) refs/heads/main refs/remotes/main [35ms]
2024-12-30 13:40:48.756 [info] > git for-each-ref --sort -committerdate --format %(refname) %(objectname) %(*objectname) [53ms]
2024-12-30 13:40:48.766 [info] > git for-each-ref --format=%(refname)%00%(upstream:short)%00%(objectname)%00%(upstream:track)%00%(upstream:remotename)%00%(upstream:remoteref) refs/heads/main refs/remotes/main [18ms]
2024-12-30 13:40:48.766 [info] > git symbolic-ref --short refs/remotes/origin/HEAD [22ms]
2024-12-30 13:40:48.766 [info] fatal: ref refs/remotes/origin/HEAD is not a symbolic ref
2024-12-30 13:40:48.766 [warning] [Repository][getDefaultBranch] Failed to get default branch details: Failed to execute git.
2024-12-30 13:40:48.772 [info] > git rev-parse --show-toplevel [7ms]
2024-12-30 13:40:48.772 [info] > git config --get commit.template [11ms]
2024-12-30 13:40:48.778 [info] > git merge-base refs/heads/main refs/remotes/origin/main [6ms]
2024-12-30 13:40:48.800 [info] > git rev-parse --git-dir --git-common-dir [23ms]
2024-12-30 13:40:48.805 [info] [Model][openRepository] Opened repository: /home/sysadmin/work/swarm-stack
2024-12-30 13:40:49.139 [info] > git status -z -uall [345ms]
2024-12-30 13:40:49.139 [info] > git status -z -uall [15ms]
2024-12-30 13:40:49.139 [info] > git for-each-ref --sort -committerdate --format %(refname) %(objectname) %(*objectname) [339ms]
2024-12-30 13:40:49.145 [info] > git for-each-ref --format=%(refname)%00%(upstream:short)%00%(objectname)%00%(upstream:track)%00%(upstream:remotename)%00%(upstream:remoteref) refs/heads/StatusPage-From-flask-to-FastAPI refs/remotes/StatusPage-From-flask-to-FastAPI [357ms]
2024-12-30 13:40:49.148 [info] > git for-each-ref --sort -committerdate --format %(refname) %(objectname) %(*objectname) [433ms]
2024-12-30 13:40:49.149 [info] > git diff --name-status -z --diff-filter=ADMR 781fdfba7c9f48e579cfd1c2771db24d277654ca...refs/remotes/origin/main [367ms]
2024-12-30 13:40:49.157 [info] > git merge-base refs/heads/main refs/remotes/origin/main [13ms]
2024-12-30 13:40:49.162 [info] > git rev-parse --show-toplevel [25ms]
2024-12-30 13:40:49.162 [info] fatal: not a git repository (or any parent up to mount point /)
Stopping at filesystem boundary (GIT_DISCOVERY_ACROSS_FILESYSTEM not set).
2024-12-30 13:40:49.162 [info] > git config --get commit.template [29ms]
2024-12-30 13:40:49.162 [info] > git for-each-ref --sort -committerdate --format %(refname) %(objectname) %(*objectname) [33ms]
2024-12-30 13:40:49.180 [info] > git for-each-ref --format=%(refname)%00%(upstream:short)%00%(objectname)%00%(upstream:track)%00%(upstream:remotename)%00%(upstream:remoteref) refs/heads/main refs/remotes/main [12ms]
2024-12-30 13:40:49.184 [info] > git diff --name-status -z --diff-filter=ADMR 781fdfba7c9f48e579cfd1c2771db24d277654ca...refs/remotes/origin/main [23ms]
2024-12-30 13:40:49.209 [info] > git check-ignore -v -z --stdin [21ms]
2024-12-30 13:40:49.210 [info] > git check-ignore -v -z --stdin [16ms]
2024-12-30 13:40:49.210 [info] > git check-ignore -v -z --stdin [13ms]
2024-12-30 13:40:49.210 [info] > git check-ignore -v -z --stdin [10ms]
2024-12-30 13:40:49.210 [info] > git check-ignore -v -z --stdin [6ms]
2024-12-30 13:40:49.211 [info] > git config --local branch.main.vscode-merge-base [27ms]
2024-12-30 13:40:49.215 [info] > git config --get commit.template [36ms]
2024-12-30 13:40:49.215 [info] > git rev-parse --show-toplevel [40ms]
2024-12-30 13:40:49.229 [info] > git for-each-ref --format=%(refname)%00%(upstream:short)%00%(objectname)%00%(upstream:track)%00%(upstream:remotename)%00%(upstream:remoteref) refs/heads/master refs/remotes/master [21ms]
2024-12-30 13:40:49.234 [info] > git rev-parse --git-dir --git-common-dir [6ms]
2024-12-30 13:40:49.238 [info] [Model][openRepository] Opened repository: /home/sysadmin/work/terraform
2024-12-30 13:40:49.239 [info] > git for-each-ref --sort -committerdate --format %(refname) %(objectname) %(*objectname) [16ms]
2024-12-30 13:40:49.239 [info] > git for-each-ref --format=%(refname)%00%(upstream:short)%00%(objectname)%00%(upstream:track)%00%(upstream:remotename)%00%(upstream:remoteref) refs/heads/origin/main refs/remotes/origin/main [24ms]
2024-12-30 13:40:49.256 [info] > git for-each-ref --format=%(refname)%00%(upstream:short)%00%(objectname)%00%(upstream:track)%00%(upstream:remotename)%00%(upstream:remoteref) refs/heads/main refs/remotes/main [23ms]
2024-12-30 13:40:49.258 [info] > git rev-parse --show-toplevel [2ms]
2024-12-30 13:40:49.258 [info] fatal: not a git repository (or any parent up to mount point /)
Stopping at filesystem boundary (GIT_DISCOVERY_ACROSS_FILESYSTEM not set).
2024-12-30 13:40:49.259 [info] > git config --get commit.template [8ms]
2024-12-30 13:40:49.259 [info] > git merge-base refs/heads/main refs/remotes/origin/main [14ms]
2024-12-30 13:40:49.281 [info] > git status -z -uall [61ms]
2024-12-30 13:40:49.281 [info] > git status -z -uall [11ms]
2024-12-30 13:40:49.281 [info] > git diff --name-status -z --diff-filter=ADMR b5f05b0d411f09608e6f61cd6c2fa85c29bbc5f4...refs/remotes/origin/main [17ms]
2024-12-30 13:40:49.286 [info] > git rev-parse --show-toplevel [6ms]
2024-12-30 13:40:49.286 [info] fatal: not a git repository (or any parent up to mount point /)
Stopping at filesystem boundary (GIT_DISCOVERY_ACROSS_FILESYSTEM not set).
2024-12-30 13:40:49.286 [info] > git for-each-ref --sort -committerdate --format %(refname) %(objectname) %(*objectname) [10ms]
2024-12-30 13:40:49.322 [info] > git status -z -uall [16ms]
2024-12-30 13:40:49.322 [info] > git for-each-ref --format=%(refname)%00%(upstream:short)%00%(objectname)%00%(upstream:track)%00%(upstream:remotename)%00%(upstream:remoteref) refs/heads/StatusPage-From-flask-to-FastAPI refs/remotes/StatusPage-From-flask-to-FastAPI [22ms]
2024-12-30 13:40:49.326 [info] > git for-each-ref --format=%(refname)%00%(upstream:short)%00%(objectname)%00%(upstream:track)%00%(upstream:remotename)%00%(upstream:remoteref) refs/heads/master refs/remotes/master [34ms]
2024-12-30 13:40:49.331 [info] > git for-each-ref --format=%(refname)%00%(upstream:short)%00%(objectname)%00%(upstream:track)%00%(upstream:remotename)%00%(upstream:remoteref) refs/heads/implementing-waf-for-multi-region refs/remotes/implementing-waf-for-multi-region [46ms]
2024-12-30 13:40:49.333 [info] > git config --local branch.master.vscode-merge-base [2ms]
2024-12-30 13:40:49.339 [info] > git config --local branch.StatusPage-From-flask-to-FastAPI.vscode-merge-base [13ms]
2024-12-30 13:40:49.343 [info] > git config --get commit.template [24ms]
2024-12-30 13:40:49.343 [info] > git config --get commit.template [27ms]
2024-12-30 13:40:49.344 [info] > git rev-parse --show-toplevel [30ms]
2024-12-30 13:40:49.344 [info] fatal: not a git repository (or any parent up to mount point /)
Stopping at filesystem boundary (GIT_DISCOVERY_ACROSS_FILESYSTEM not set).
2024-12-30 13:40:49.344 [info] > git for-each-ref --sort -committerdate --format %(refname) %(objectname) %(*objectname) [35ms]
2024-12-30 13:40:49.350 [info] > git for-each-ref --format=%(refname)%00%(upstream:short)%00%(objectname)%00%(upstream:track)%00%(upstream:remotename)%00%(upstream:remoteref) refs/heads/origin/main refs/remotes/origin/main [7ms]
2024-12-30 13:40:49.354 [info] > git for-each-ref --format=%(refname)%00%(upstream:short)%00%(objectname)%00%(upstream:track)%00%(upstream:remotename)%00%(upstream:remoteref) refs/heads/origin/master refs/remotes/origin/master [16ms]
2024-12-30 13:40:49.370 [info] > git merge-base refs/heads/master refs/remotes/origin/master [10ms]
2024-12-30 13:40:49.375 [info] > git merge-base refs/heads/StatusPage-From-flask-to-FastAPI refs/remotes/origin/StatusPage-From-flask-to-FastAPI [21ms]
2024-12-30 13:40:49.380 [info] > git rev-parse --show-toplevel [31ms]
2024-12-30 13:40:49.380 [info] fatal: not a git repository (or any parent up to mount point /)
Stopping at filesystem boundary (GIT_DISCOVERY_ACROSS_FILESYSTEM not set).
2024-12-30 13:40:49.380 [info] [Model][doInitialScan] Initial repository scan completed - repositories (12), closed repositories (0), parent repositories (0), unsafe repositories (0)
2024-12-30 13:40:49.401 [info] > git show --textconv :scripts/disk_space_monitor.sh [17ms]
2024-12-30 13:40:49.401 [info] > git ls-files --stage -- /home/sysadmin/work/AnsibleMCZR/scripts/disk_space_monitor.sh [13ms]
2024-12-30 13:40:49.406 [info] > git diff --name-status -z --diff-filter=ADMR 985d4f8ec45c4e5c8f14e2bd62a8f6c2549b11e5...refs/remotes/origin/StatusPage-From-flask-to-FastAPI [26ms]
2024-12-30 13:40:49.406 [info] > git diff --name-status -z --diff-filter=ADMR edb8758cca88ebbab2966e007f45c852d3bfe5e9...refs/remotes/origin/master [31ms]
2024-12-30 13:40:49.407 [info] > git for-each-ref --format=%(refname)%00%(upstream:short)%00%(objectname)%00%(upstream:track)%00%(upstream:remotename)%00%(upstream:remoteref) refs/heads/StatusPage-From-flask-to-FastAPI refs/remotes/StatusPage-From-flask-to-FastAPI [38ms]
2024-12-30 13:40:49.407 [info] > git for-each-ref --format=%(refname)%00%(upstream:short)%00%(objectname)%00%(upstream:track)%00%(upstream:remotename)%00%(upstream:remoteref) refs/heads/master refs/remotes/master [43ms]
2024-12-30 13:40:49.413 [info] > git status -z -uall [20ms]
2024-12-30 13:40:49.413 [info] > git cat-file -s b359799825d08341268327be1f94388b410e0d4d [8ms]
2024-12-30 13:40:49.414 [info] > git rev-parse --show-toplevel [13ms]
2024-12-30 13:40:49.414 [info] fatal: not a git repository (or any parent up to mount point /)
Stopping at filesystem boundary (GIT_DISCOVERY_ACROSS_FILESYSTEM not set).
2024-12-30 13:40:49.414 [info] > git for-each-ref --sort -committerdate --format %(refname) %(objectname) %(*objectname) [17ms]
2024-12-30 13:40:49.427 [info] > git for-each-ref --format=%(refname)%00%(upstream:short)%00%(objectname)%00%(upstream:track)%00%(upstream:remotename)%00%(upstream:remoteref) refs/heads/implementing-waf-for-multi-region refs/remotes/implementing-waf-for-multi-region [7ms]
2024-12-30 13:40:49.432 [info] > git config --local branch.implementing-waf-for-multi-region.vscode-merge-base [2ms]
2024-12-30 13:40:49.437 [info] > git config --get commit.template [11ms]
2024-12-30 13:40:49.461 [info] > git status -z -uall [10ms]
2024-12-30 13:40:49.462 [info] > git for-each-ref --sort -committerdate --format %(refname) %(objectname) %(*objectname) [16ms]
2024-12-30 13:40:49.462 [info] > git for-each-ref --format=%(refname)%00%(upstream:short)%00%(objectname)%00%(upstream:track)%00%(upstream:remotename)%00%(upstream:remoteref) refs/heads/origin/main refs/remotes/origin/main [25ms]
2024-12-30 13:40:49.468 [info] > git for-each-ref --format=%(refname)%00%(upstream:short)%00%(objectname)%00%(upstream:track)%00%(upstream:remotename)%00%(upstream:remoteref) refs/heads/implementing-waf-for-multi-region refs/remotes/implementing-waf-for-multi-region [7ms]
2024-12-30 13:40:49.468 [info] > git for-each-ref --sort -committerdate --format %(refname) %(objectname) %(*objectname) [12ms]
2024-12-30 13:40:49.470 [info] > git merge-base refs/heads/implementing-waf-for-multi-region refs/remotes/origin/implementing-waf-for-multi-region [3ms]
2024-12-30 13:40:49.485 [info] > git status -z -uall [43ms]
2024-12-30 13:40:49.485 [info] > git diff --name-status -z --diff-filter=ADMR fc0c1d2692d3a435ecfc3cd789d7c5e1891034d4...refs/remotes/origin/implementing-waf-for-multi-region [10ms]
2024-12-30 13:40:49.488 [info] > git for-each-ref --sort -committerdate --format %(refname) %(objectname) %(*objectname) [3ms]
2024-12-30 13:40:49.495 [info] > git status -z -uall [14ms]
2024-12-30 13:40:49.786 [info] > git check-ignore -v -z --stdin [17ms]
2024-12-30 13:40:49.786 [info] > git check-ignore -v -z --stdin [13ms]
2024-12-30 13:40:49.786 [info] > git check-ignore -v -z --stdin [9ms]
2024-12-30 13:40:49.787 [info] > git check-ignore -v -z --stdin [6ms]
2024-12-30 13:40:49.787 [info] > git check-ignore -v -z --stdin [3ms]
2024-12-30 13:40:50.800 [info] > git status -z -uall [2093ms]
2024-12-30 13:40:50.813 [info] > git config --get commit.template [1ms]
2024-12-30 13:40:50.813 [info] > git for-each-ref --format=%(refname)%00%(upstream:short)%00%(objectname)%00%(upstream:track)%00%(upstream:remotename)%00%(upstream:remoteref) refs/heads/qa-add-logging-and-error-catch refs/remotes/qa-add-logging-and-error-catch [7ms]
2024-12-30 13:40:50.823 [info] > git config --local branch.qa-add-logging-and-error-catch.vscode-merge-base [6ms]
2024-12-30 13:40:50.827 [info] > git for-each-ref --format=%(refname)%00%(upstream:short)%00%(objectname)%00%(upstream:track)%00%(upstream:remotename)%00%(upstream:remoteref) refs/heads/qa-add-logging-and-error-catch refs/remotes/qa-add-logging-and-error-catch [4ms]
2024-12-30 13:40:50.839 [info] > git for-each-ref --format=%(refname)%00%(upstream:short)%00%(objectname)%00%(upstream:track)%00%(upstream:remotename)%00%(upstream:remoteref) refs/heads/origin/main refs/remotes/origin/main [12ms]
2024-12-30 13:40:50.855 [info] > git merge-base refs/heads/qa-add-logging-and-error-catch refs/remotes/origin/qa-add-logging-and-error-catch [10ms]
2024-12-30 13:40:50.863 [info] > git for-each-ref --sort -committerdate --format %(refname) %(objectname) %(*objectname) [24ms]
2024-12-30 13:40:50.864 [info] > git diff --name-status -z --diff-filter=ADMR 34de1e043ec086d0d611a71072115d3e9ac4e8b0...refs/remotes/origin/qa-add-logging-and-error-catch [4ms]
2024-12-30 13:40:52.445 [info] > git status -z -uall [1614ms]
